<?xml version="1.0" encoding="UTF-8"?>
<!-- Generated by org.testng.reporters.JUnitReportReporter -->
<testsuite name="com.qmetry.qaf.automation.step.client.DataDrivenScenario" tests="2" time="23.305" ignored="1" failures="0" timestamp="31 Oct 2019 05:55:18 GMT" skipped="0" hostname="ICPL13076" errors="0">
  <testcase name="New tour register" time="15.550" classname="com.qmetry.qaf.automation.step.client.DataDrivenScenario"/>
  <testcase name="New tour register" time="7.755" classname="com.qmetry.qaf.automation.step.client.DataDrivenScenario"/>
  <testcase name="New tour register" classname="com.qmetry.qaf.automation.step.client.DataDrivenScenario">
    <skipped/>
  </testcase> <!-- New tour register -->
</testsuite> <!-- com.qmetry.qaf.automation.step.client.DataDrivenScenario -->
