<?xml version="1.0" encoding="UTF-8"?>
<!-- Generated by org.testng.reporters.JUnitReportReporter -->
<testsuite name="com.newtour.test.RegisterBeanTest" tests="1" time="19.673" ignored="2" failures="0" timestamp="22 Oct 2019 06:04:44 GMT" skipped="1" hostname="ICPL13076" errors="0">
  <testcase name="registerNewUser" time="19.673" classname="com.newtour.test.RegisterBeanTest">
    <skipped/>
  </testcase> <!-- registerNewUser -->
  <testcase name="registerWithPropertiesFile" classname="com.newtour.test.RegisterBeanTest">
    <skipped/>
  </testcase> <!-- registerWithPropertiesFile -->
  <testcase name="registerInvalidData" classname="com.newtour.test.RegisterBeanTest">
    <skipped/>
  </testcase> <!-- registerInvalidData -->
</testsuite> <!-- com.newtour.test.RegisterBeanTest -->
