<?xml version="1.0" encoding="UTF-8"?>
<!-- Generated by org.testng.reporters.JUnitReportReporter -->
<testsuite name="com.qmetry.qaf.automation.step.client.DataDrivenScenario" tests="1" time="33.409" ignored="1" failures="0" timestamp="23 Oct 2019 07:04:52 GMT" skipped="0" hostname="ICPL13076" errors="0">
  <testcase name="user is able to enter all the data on find a flight page successfully" time="33.409" classname="com.qmetry.qaf.automation.step.client.DataDrivenScenario"/>
  <testcase name="user is able to enter all the data on find a flight page successfully" classname="com.qmetry.qaf.automation.step.client.DataDrivenScenario">
    <skipped/>
  </testcase> <!-- user is able to enter all the data on find a flight page successfully -->
</testsuite> <!-- com.qmetry.qaf.automation.step.client.DataDrivenScenario -->
