<?xml version="1.0" encoding="UTF-8"?>
<!-- Generated by org.testng.reporters.JUnitReportReporter -->
<testsuite name="com.qmetry.qaf.automation.step.client.DataDrivenScenario" tests="1" time="6.873" ignored="1" failures="0" timestamp="30 Aug 2019 06:18:07 GMT" skipped="1" hostname="ICPL13076" errors="0">
  <testcase name="New tour register" time="6.873" classname="com.qmetry.qaf.automation.step.client.DataDrivenScenario">
    <skipped/>
  </testcase> <!-- New tour register -->
  <testcase name="New tour register" classname="com.qmetry.qaf.automation.step.client.DataDrivenScenario">
    <skipped/>
  </testcase> <!-- New tour register -->
</testsuite> <!-- com.qmetry.qaf.automation.step.client.DataDrivenScenario -->
