<?xml version="1.0" encoding="UTF-8"?>
<!-- Generated by org.testng.reporters.JUnitReportReporter -->
<testsuite skipped="2" hostname="ICPL13076" name="com.pom.test.RegisterBeanTest" tests="3" failures="0" timestamp="27 Sep 2019 09:16:56 GMT" time="18.924" errors="0">
  <testcase name="registerWithPropertiesFile" time="18.924" classname="com.pom.test.RegisterBeanTest"/>
  <testcase name="registerNewUser" classname="com.pom.test.RegisterBeanTest">
    <skipped/>
  </testcase> <!-- registerNewUser -->
  <testcase name="registerInvalidData" classname="com.pom.test.RegisterBeanTest">
    <skipped/>
  </testcase> <!-- registerInvalidData -->
</testsuite> <!-- com.pom.test.RegisterBeanTest -->
