<?xml version="1.0" encoding="UTF-8"?>
<!-- Generated by org.testng.reporters.JUnitReportReporter -->
<testsuite skipped="0" hostname="ICPL13076" name="com.pom.test.TestNGAnno" tests="2" failures="0" timestamp="26 Sep 2019 12:16:09 GMT" time="0.017" errors="0">
  <testcase name="test2" time="0.008" classname="com.pom.test.TestNGAnno"/>
  <testcase name="test" time="0.009" classname="com.pom.test.TestNGAnno"/>
</testsuite> <!-- com.pom.test.TestNGAnno -->
