<?xml version="1.0" encoding="UTF-8"?>
<!-- Generated by org.testng.reporters.JUnitReportReporter -->
<testsuite skipped="0" hostname="ICPL13076" name="com.pom.testng.Test1" tests="4" failures="0" timestamp="27 Sep 2019 05:44:44 GMT" time="0.025" errors="0">
  <testcase name="mobileLoginHomeLoan" time="0.017" classname="com.pom.testng.Test1"/>
  <testcase name="mobileInCarLoan" time="0.001" classname="com.pom.testng.Test1"/>
  <testcase name="webOnHomeLoan" time="0.004" classname="com.pom.testng.Test1"/>
  <testcase name="mobileToTakeMobileLoan" time="0.003" classname="com.pom.testng.Test1"/>
</testsuite> <!-- com.pom.testng.Test1 -->
