<?xml version="1.0" encoding="UTF-8"?>
<!-- Generated by org.testng.reporters.JUnitReportReporter -->
<testsuite skipped="1" hostname="ICPL13076" name="com.pom.test.HandlePopUpTest" tests="1" failures="0" timestamp="23 Sep 2019 13:26:02 GMT" time="0.000" errors="0">
  <testcase name="Countryfield" time="0.000" classname="com.pom.test.HandlePopUpTest">
    <skipped/>
  </testcase> <!-- Countryfield -->
</testsuite> <!-- com.pom.test.HandlePopUpTest -->
