<?xml version="1.0" encoding="UTF-8"?>
<!-- Generated by org.testng.reporters.JUnitReportReporter -->
<testsuite name="com.qmetry.qaf.automation.step.client.DataDrivenScenario" tests="1" time="20.832" ignored="1" failures="0" timestamp="23 Oct 2019 12:55:51 GMT" skipped="0" hostname="ICPL13076" errors="0">
  <testcase name="New tour login" time="20.832" classname="com.qmetry.qaf.automation.step.client.DataDrivenScenario"/>
  <testcase name="New tour login" classname="com.qmetry.qaf.automation.step.client.DataDrivenScenario">
    <skipped/>
  </testcase> <!-- New tour login -->
</testsuite> <!-- com.qmetry.qaf.automation.step.client.DataDrivenScenario -->
