<?xml version="1.0" encoding="UTF-8"?>
<!-- Generated by org.testng.reporters.JUnitReportReporter -->
<testsuite skipped="1" hostname="ICPL13076" name="com.pom.test.SigninTest" tests="1" failures="0" timestamp="24 Sep 2019 05:30:37 GMT" time="0.000" errors="0">
  <testcase name="signindata" time="0.000" classname="com.pom.test.SigninTest">
    <skipped/>
  </testcase> <!-- signindata -->
</testsuite> <!-- com.pom.test.SigninTest -->
