<?xml version="1.0" encoding="UTF-8"?>
<!-- Generated by org.testng.reporters.JUnitReportReporter -->
<testsuite name="com.qmetry.qaf.automation.step.client.Scenario" tests="1" time="0.230" ignored="0" failures="0" timestamp="06 Aug 2019 06:03:17 GMT" skipped="1" hostname="ICPL13076" errors="0">
  <testcase name="verify contact field" time="0.230" classname="com.qmetry.qaf.automation.step.client.Scenario">
    <skipped/>
  </testcase> <!-- verify contact field -->
</testsuite> <!-- com.qmetry.qaf.automation.step.client.Scenario -->
