<?xml version="1.0" encoding="UTF-8"?>
<!-- Generated by org.testng.reporters.JUnitReportReporter -->
<testsuite skipped="0" hostname="ICPL13076" name="com.pom.test.AmazonTest" tests="1" failures="0" timestamp="23 Sep 2019 10:16:25 GMT" time="13.058" errors="0">
  <testcase name="componentTest" time="13.058" classname="com.pom.test.AmazonTest"/>
</testsuite> <!-- com.pom.test.AmazonTest -->
