<?xml version="1.0" encoding="UTF-8"?>
<!-- Generated by org.testng.reporters.JUnitReportReporter -->
<testsuite skipped="0" hostname="ICPL13076" name="com.pom.test.LogOutTest" tests="1" failures="0" timestamp="23 Aug 2019 06:07:03 GMT" time="16.118" errors="1">
  <testcase name="logOut" time="16.118" classname="com.pom.test.LogOutTest">
    <error type="java.lang.StackOverflowError">
      <![CDATA[java.lang.StackOverflowError
at com.pom.pages.FlightConfirmationPage.getSecureParcheseBtn(FlightConfirmationPage.java:49)
at com.pom.pages.FlightConfirmationPage.getSecureParcheseBtn(FlightConfirmationPage.java:49)
at com.pom.pages.FlightConfirmationPage.getSecureParcheseBtn(FlightConfirmationPage.java:49)
at com.pom.pages.FlightConfirmationPage.getSecureParcheseBtn(FlightConfirmationPage.java:49)
at com.pom.pages.FlightConfirmationPage.getSecureParcheseBtn(FlightConfirmationPage.java:49)
at com.pom.pages.FlightConfirmationPage.getSecureParcheseBtn(FlightConfirmationPage.java:49)
at com.pom.pages.FlightConfirmationPage.getSecureParcheseBtn(FlightConfirmationPage.java:49)
at com.pom.pages.FlightConfirmationPage.getSecureParcheseBtn(FlightConfirmationPage.java:49)
at com.pom.pages.FlightConfirmationPage.getSecureParcheseBtn(FlightConfirmationPage.java:49)
at com.pom.pages.FlightConfirmationPage.getSecureParcheseBtn(FlightConfirmationPage.java:49)
at com.pom.pages.FlightConfirmationPage.getSecureParcheseBtn(FlightConfirmationPage.java:49)
at com.pom.pages.FlightConfirmationPage.getSecureParcheseBtn(FlightConfirmationPage.java:49)
at com.pom.pages.FlightConfirmationPage.getSecureParcheseBtn(FlightConfirmationPage.java:49)
at com.pom.pages.FlightConfirmationPage.getSecureParcheseBtn(FlightConfirmationPage.java:49)
at com.pom.pages.FlightConfirmationPage.getSecureParcheseBtn(FlightConfirmationPage.java:49)
at com.pom.pages.FlightConfirmationPage.getSecureParcheseBtn(FlightConfirmationPage.java:49)
at com.pom.pages.FlightConfirmationPage.getSecureParcheseBtn(FlightConfirmationPage.java:49)
at com.pom.pages.FlightConfirmationPage.getSecureParcheseBtn(FlightConfirmationPage.java:49)
at com.pom.pages.FlightConfirmationPage.getSecureParcheseBtn(FlightConfirmationPage.java:49)
at com.pom.pages.FlightConfirmationPage.getSecureParcheseBtn(FlightConfirmationPage.java:49)
at com.pom.pages.FlightConfirmationPage.getSecureParcheseBtn(FlightConfirmationPage.java:49)
at com.pom.pages.FlightConfirmationPage.getSecureParcheseBtn(FlightConfirmationPage.java:49)
at com.pom.pages.FlightConfirmationPage.getSecureParcheseBtn(FlightConfirmationPage.java:49)
at com.pom.pages.FlightConfirmationPage.getSecureParcheseBtn(FlightConfirmationPage.java:49)
at com.pom.pages.FlightConfirmationPage.getSecureParcheseBtn(FlightConfirmationPage.java:49)
at com.pom.pages.FlightConfirmationPage.getSecureParcheseBtn(FlightConfirmationPage.java:49)
at com.pom.pages.FlightConfirmationPage.getSecureParcheseBtn(FlightConfirmationPage.java:49)
at com.pom.pages.FlightConfirmationPage.getSecureParcheseBtn(FlightConfirmationPage.java:49)
at com.pom.pages.FlightConfirmationPage.getSecureParcheseBtn(FlightConfirmationPage.java:49)
at com.pom.pages.FlightConfirmationPage.getSecureParcheseBtn(FlightConfirmationPage.java:49)
at com.pom.pages.FlightConfirmationPage.getSecureParcheseBtn(FlightConfirmationPage.java:49)
at com.pom.pages.FlightConfirmationPage.getSecureParcheseBtn(FlightConfirmationPage.java:49)
at com.pom.pages.FlightConfirmationPage.getSecureParcheseBtn(FlightConfirmationPage.java:49)
at com.pom.pages.FlightConfirmationPage.getSecureParcheseBtn(FlightConfirmationPage.java:49)
at com.pom.pages.FlightConfirmationPage.getSecureParcheseBtn(FlightConfirmationPage.java:49)
at com.pom.pages.FlightConfirmationPage.getSecureParcheseBtn(FlightConfirmationPage.java:49)
at com.pom.pages.FlightConfirmationPage.getSecureParcheseBtn(FlightConfirmationPage.java:49)
at com.pom.pages.FlightConfirmationPage.getSecureParcheseBtn(FlightConfirmationPage.java:49)
at com.pom.pages.FlightConfirmationPage.getSecureParcheseBtn(FlightConfirmationPage.java:49)
at com.pom.pages.FlightConfirmationPage.getSecureParcheseBtn(FlightConfirmationPage.java:49)
at com.pom.pages.FlightConfirmationPage.getSecureParcheseBtn(FlightConfirmationPage.java:49)
at com.pom.pages.FlightConfirmationPage.getSecureParcheseBtn(FlightConfirmationPage.java:49)
at com.pom.pages.FlightConfirmationPage.getSecureParcheseBtn(FlightConfirmationPage.java:49)
at com.pom.pages.FlightConfirmationPage.getSecureParcheseBtn(FlightConfirmationPage.java:49)
at com.pom.pages.FlightConfirmationPage.getSecureParcheseBtn(FlightConfirmationPage.java:49)
at com.pom.pages.FlightConfirmationPage.getSecureParcheseBtn(FlightConfirmationPage.java:49)
at com.pom.pages.FlightConfirmationPage.getSecureParcheseBtn(FlightConfirmationPage.java:49)
at com.pom.pages.FlightConfirmationPage.getSecureParcheseBtn(FlightConfirmationPage.java:49)
at com.pom.pages.FlightConfirmationPage.getSecureParcheseBtn(FlightConfirmationPage.java:49)
at com.pom.pages.FlightConfirmationPage.getSecureParcheseBtn(FlightConfirmationPage.java:49)
at com.pom.pages.FlightConfirmationPage.getSecureParcheseBtn(FlightConfirmationPage.java:49)
at com.pom.pages.FlightConfirmationPage.getSecureParcheseBtn(FlightConfirmationPage.java:49)
at com.pom.pages.FlightConfirmationPage.getSecureParcheseBtn(FlightConfirmationPage.java:49)
at com.pom.pages.FlightConfirmationPage.getSecureParcheseBtn(FlightConfirmationPage.java:49)
at com.pom.pages.FlightConfirmationPage.getSecureParcheseBtn(FlightConfirmationPage.java:49)
at com.pom.pages.FlightConfirmationPage.getSecureParcheseBtn(FlightConfirmationPage.java:49)
at com.pom.pages.FlightConfirmationPage.getSecureParcheseBtn(FlightConfirmationPage.java:49)
at com.pom.pages.FlightConfirmationPage.getSecureParcheseBtn(FlightConfirmationPage.java:49)
at com.pom.pages.FlightConfirmationPage.getSecureParcheseBtn(FlightConfirmationPage.java:49)
at com.pom.pages.FlightConfirmationPage.getSecureParcheseBtn(FlightConfirmationPage.java:49)
at com.pom.pages.FlightConfirmationPage.getSecureParcheseBtn(FlightConfirmationPage.java:49)
at com.pom.pages.FlightConfirmationPage.getSecureParcheseBtn(FlightConfirmationPage.java:49)
at com.pom.pages.FlightConfirmationPage.getSecureParcheseBtn(FlightConfirmationPage.java:49)
at com.pom.pages.FlightConfirmationPage.getSecureParcheseBtn(FlightConfirmationPage.java:49)
at com.pom.pages.FlightConfirmationPage.getSecureParcheseBtn(FlightConfirmationPage.java:49)
at com.pom.pages.FlightConfirmationPage.getSecureParcheseBtn(FlightConfirmationPage.java:49)
at com.pom.pages.FlightConfirmationPage.getSecureParcheseBtn(FlightConfirmationPage.java:49)
at com.pom.pages.FlightConfirmationPage.getSecureParcheseBtn(FlightConfirmationPage.java:49)
at com.pom.pages.FlightConfirmationPage.getSecureParcheseBtn(FlightConfirmationPage.java:49)
at com.pom.pages.FlightConfirmationPage.getSecureParcheseBtn(FlightConfirmationPage.java:49)
at com.pom.pages.FlightConfirmationPage.getSecureParcheseBtn(FlightConfirmationPage.java:49)
at com.pom.pages.FlightConfirmationPage.getSecureParcheseBtn(FlightConfirmationPage.java:49)
at com.pom.pages.FlightConfirmationPage.getSecureParcheseBtn(FlightConfirmationPage.java:49)
at com.pom.pages.FlightConfirmationPage.getSecureParcheseBtn(FlightConfirmationPage.java:49)
at com.pom.pages.FlightConfirmationPage.getSecureParcheseBtn(FlightConfirmationPage.java:49)
at com.pom.pages.FlightConfirmationPage.getSecureParcheseBtn(FlightConfirmationPage.java:49)
at com.pom.pages.FlightConfirmationPage.getSecureParcheseBtn(FlightConfirmationPage.java:49)
at com.pom.pages.FlightConfirmationPage.getSecureParcheseBtn(FlightConfirmationPage.java:49)
at com.pom.pages.FlightConfirmationPage.getSecureParcheseBtn(FlightConfirmationPage.java:49)
at com.pom.pages.FlightConfirmationPage.getSecureParcheseBtn(FlightConfirmationPage.java:49)
at com.pom.pages.FlightConfirmationPage.getSecureParcheseBtn(FlightConfirmationPage.java:49)
at com.pom.pages.FlightConfirmationPage.getSecureParcheseBtn(FlightConfirmationPage.java:49)
at com.pom.pages.FlightConfirmationPage.getSecureParcheseBtn(FlightConfirmationPage.java:49)
at com.pom.pages.FlightConfirmationPage.getSecureParcheseBtn(FlightConfirmationPage.java:49)
at com.pom.pages.FlightConfirmationPage.getSecureParcheseBtn(FlightConfirmationPage.java:49)
at com.pom.pages.FlightConfirmationPage.getSecureParcheseBtn(FlightConfirmationPage.java:49)
at com.pom.pages.FlightConfirmationPage.getSecureParcheseBtn(FlightConfirmationPage.java:49)
at com.pom.pages.FlightConfirmationPage.getSecureParcheseBtn(FlightConfirmationPage.java:49)
at com.pom.pages.FlightConfirmationPage.getSecureParcheseBtn(FlightConfirmationPage.java:49)
at com.pom.pages.FlightConfirmationPage.getSecureParcheseBtn(FlightConfirmationPage.java:49)
at com.pom.pages.FlightConfirmationPage.getSecureParcheseBtn(FlightConfirmationPage.java:49)
at com.pom.pages.FlightConfirmationPage.getSecureParcheseBtn(FlightConfirmationPage.java:49)
at com.pom.pages.FlightConfirmationPage.getSecureParcheseBtn(FlightConfirmationPage.java:49)
at com.pom.pages.FlightConfirmationPage.getSecureParcheseBtn(FlightConfirmationPage.java:49)
at com.pom.pages.FlightConfirmationPage.getSecureParcheseBtn(FlightConfirmationPage.java:49)
at com.pom.pages.FlightConfirmationPage.getSecureParcheseBtn(FlightConfirmationPage.java:49)
at com.pom.pages.FlightConfirmationPage.getSecureParcheseBtn(FlightConfirmationPage.java:49)
at com.pom.pages.FlightConfirmationPage.getSecureParcheseBtn(FlightConfirmationPage.java:49)
at com.pom.pages.FlightConfirmationPage.getSecureParcheseBtn(FlightConfirmationPage.java:49)
at com.pom.pages.FlightConfirmationPage.getSecureParcheseBtn(FlightConfirmationPage.java:49)
at com.pom.pages.FlightConfirmationPage.getSecureParcheseBtn(FlightConfirmationPage.java:49)
at com.pom.pages.FlightConfirmationPage.getSecureParcheseBtn(FlightConfirmationPage.java:49)
at com.pom.pages.FlightConfirmationPage.getSecureParcheseBtn(FlightConfirmationPage.java:49)
at com.pom.pages.FlightConfirmationPage.getSecureParcheseBtn(FlightConfirmationPage.java:49)
at com.pom.pages.FlightConfirmationPage.getSecureParcheseBtn(FlightConfirmationPage.java:49)
at com.pom.pages.FlightConfirmationPage.getSecureParcheseBtn(FlightConfirmationPage.java:49)
at com.pom.pages.FlightConfirmationPage.getSecureParcheseBtn(FlightConfirmationPage.java:49)
at com.pom.pages.FlightConfirmationPage.getSecureParcheseBtn(FlightConfirmationPage.java:49)
at com.pom.pages.FlightConfirmationPage.getSecureParcheseBtn(FlightConfirmationPage.java:49)
at com.pom.pages.FlightConfirmationPage.getSecureParcheseBtn(FlightConfirmationPage.java:49)
at com.pom.pages.FlightConfirmationPage.getSecureParcheseBtn(FlightConfirmationPage.java:49)
at com.pom.pages.FlightConfirmationPage.getSecureParcheseBtn(FlightConfirmationPage.java:49)
at com.pom.pages.FlightConfirmationPage.getSecureParcheseBtn(FlightConfirmationPage.java:49)
at com.pom.pages.FlightConfirmationPage.getSecureParcheseBtn(FlightConfirmationPage.java:49)
at com.pom.pages.FlightConfirmationPage.getSecureParcheseBtn(FlightConfirmationPage.java:49)
at com.pom.pages.FlightConfirmationPage.getSecureParcheseBtn(FlightConfirmationPage.java:49)
at com.pom.pages.FlightConfirmationPage.getSecureParcheseBtn(FlightConfirmationPage.java:49)
at com.pom.pages.FlightConfirmationPage.getSecureParcheseBtn(FlightConfirmationPage.java:49)
at com.pom.pages.FlightConfirmationPage.getSecureParcheseBtn(FlightConfirmationPage.java:49)
at com.pom.pages.FlightConfirmationPage.getSecureParcheseBtn(FlightConfirmationPage.java:49)
at com.pom.pages.FlightConfirmationPage.getSecureParcheseBtn(FlightConfirmationPage.java:49)
at com.pom.pages.FlightConfirmationPage.getSecureParcheseBtn(FlightConfirmationPage.java:49)
at com.pom.pages.FlightConfirmationPage.getSecureParcheseBtn(FlightConfirmationPage.java:49)
at com.pom.pages.FlightConfirmationPage.getSecureParcheseBtn(FlightConfirmationPage.java:49)
at com.pom.pages.FlightConfirmationPage.getSecureParcheseBtn(FlightConfirmationPage.java:49)
at com.pom.pages.FlightConfirmationPage.getSecureParcheseBtn(FlightConfirmationPage.java:49)
at com.pom.pages.FlightConfirmationPage.getSecureParcheseBtn(FlightConfirmationPage.java:49)
at com.pom.pages.FlightConfirmationPage.getSecureParcheseBtn(FlightConfirmationPage.java:49)
at com.pom.pages.FlightConfirmationPage.getSecureParcheseBtn(FlightConfirmationPage.java:49)
at com.pom.pages.FlightConfirmationPage.getSecureParcheseBtn(FlightConfirmationPage.java:49)
at com.pom.pages.FlightConfirmationPage.getSecureParcheseBtn(FlightConfirmationPage.java:49)
at com.pom.pages.FlightConfirmationPage.getSecureParcheseBtn(FlightConfirmationPage.java:49)
at com.pom.pages.FlightConfirmationPage.getSecureParcheseBtn(FlightConfirmationPage.java:49)
at com.pom.pages.FlightConfirmationPage.getSecureParcheseBtn(FlightConfirmationPage.java:49)
at com.pom.pages.FlightConfirmationPage.getSecureParcheseBtn(FlightConfirmationPage.java:49)
at com.pom.pages.FlightConfirmationPage.getSecureParcheseBtn(FlightConfirmationPage.java:49)
at com.pom.pages.FlightConfirmationPage.getSecureParcheseBtn(FlightConfirmationPage.java:49)
at com.pom.pages.FlightConfirmationPage.getSecureParcheseBtn(FlightConfirmationPage.java:49)
at com.pom.pages.FlightConfirmationPage.getSecureParcheseBtn(FlightConfirmationPage.java:49)
at com.pom.pages.FlightConfirmationPage.getSecureParcheseBtn(FlightConfirmationPage.java:49)
at com.pom.pages.FlightConfirmationPage.getSecureParcheseBtn(FlightConfirmationPage.java:49)
at com.pom.pages.FlightConfirmationPage.getSecureParcheseBtn(FlightConfirmationPage.java:49)
at com.pom.pages.FlightConfirmationPage.getSecureParcheseBtn(FlightConfirmationPage.java:49)
at com.pom.pages.FlightConfirmationPage.getSecureParcheseBtn(FlightConfirmationPage.java:49)
at com.pom.pages.FlightConfirmationPage.getSecureParcheseBtn(FlightConfirmationPage.java:49)
at com.pom.pages.FlightConfirmationPage.getSecureParcheseBtn(FlightConfirmationPage.java:49)
at com.pom.pages.FlightConfirmationPage.getSecureParcheseBtn(FlightConfirmationPage.java:49)
at com.pom.pages.FlightConfirmationPage.getSecureParcheseBtn(FlightConfirmationPage.java:49)
at com.pom.pages.FlightConfirmationPage.getSecureParcheseBtn(FlightConfirmationPage.java:49)
at com.pom.pages.FlightConfirmationPage.getSecureParcheseBtn(FlightConfirmationPage.java:49)
at com.pom.pages.FlightConfirmationPage.getSecureParcheseBtn(FlightConfirmationPage.java:49)
at com.pom.pages.FlightConfirmationPage.getSecureParcheseBtn(FlightConfirmationPage.java:49)
at com.pom.pages.FlightConfirmationPage.getSecureParcheseBtn(FlightConfirmationPage.java:49)
at com.pom.pages.FlightConfirmationPage.getSecureParcheseBtn(FlightConfirmationPage.java:49)
at com.pom.pages.FlightConfirmationPage.getSecureParcheseBtn(FlightConfirmationPage.java:49)
at com.pom.pages.FlightConfirmationPage.getSecureParcheseBtn(FlightConfirmationPage.java:49)
at com.pom.pages.FlightConfirmationPage.getSecureParcheseBtn(FlightConfirmationPage.java:49)
at com.pom.pages.FlightConfirmationPage.getSecureParcheseBtn(FlightConfirmationPage.java:49)
at com.pom.pages.FlightConfirmationPage.getSecureParcheseBtn(FlightConfirmationPage.java:49)
at com.pom.pages.FlightConfirmationPage.getSecureParcheseBtn(FlightConfirmationPage.java:49)
at com.pom.pages.FlightConfirmationPage.getSecureParcheseBtn(FlightConfirmationPage.java:49)
at com.pom.pages.FlightConfirmationPage.getSecureParcheseBtn(FlightConfirmationPage.java:49)
at com.pom.pages.FlightConfirmationPage.getSecureParcheseBtn(FlightConfirmationPage.java:49)
at com.pom.pages.FlightConfirmationPage.getSecureParcheseBtn(FlightConfirmationPage.java:49)
at com.pom.pages.FlightConfirmationPage.getSecureParcheseBtn(FlightConfirmationPage.java:49)
at com.pom.pages.FlightConfirmationPage.getSecureParcheseBtn(FlightConfirmationPage.java:49)
at com.pom.pages.FlightConfirmationPage.getSecureParcheseBtn(FlightConfirmationPage.java:49)
at com.pom.pages.FlightConfirmationPage.getSecureParcheseBtn(FlightConfirmationPage.java:49)
at com.pom.pages.FlightConfirmationPage.getSecureParcheseBtn(FlightConfirmationPage.java:49)
at com.pom.pages.FlightConfirmationPage.getSecureParcheseBtn(FlightConfirmationPage.java:49)
at com.pom.pages.FlightConfirmationPage.getSecureParcheseBtn(FlightConfirmationPage.java:49)
at com.pom.pages.FlightConfirmationPage.getSecureParcheseBtn(FlightConfirmationPage.java:49)
at com.pom.pages.FlightConfirmationPage.getSecureParcheseBtn(FlightConfirmationPage.java:49)
at com.pom.pages.FlightConfirmationPage.getSecureParcheseBtn(FlightConfirmationPage.java:49)
at com.pom.pages.FlightConfirmationPage.getSecureParcheseBtn(FlightConfirmationPage.java:49)
at com.pom.pages.FlightConfirmationPage.getSecureParcheseBtn(FlightConfirmationPage.java:49)
at com.pom.pages.FlightConfirmationPage.getSecureParcheseBtn(FlightConfirmationPage.java:49)
at com.pom.pages.FlightConfirmationPage.getSecureParcheseBtn(FlightConfirmationPage.java:49)
at com.pom.pages.FlightConfirmationPage.getSecureParcheseBtn(FlightConfirmationPage.java:49)
at com.pom.pages.FlightConfirmationPage.getSecureParcheseBtn(FlightConfirmationPage.java:49)
at com.pom.pages.FlightConfirmationPage.getSecureParcheseBtn(FlightConfirmationPage.java:49)
at com.pom.pages.FlightConfirmationPage.getSecureParcheseBtn(FlightConfirmationPage.java:49)
at com.pom.pages.FlightConfirmationPage.getSecureParcheseBtn(FlightConfirmationPage.java:49)
at com.pom.pages.FlightConfirmationPage.getSecureParcheseBtn(FlightConfirmationPage.java:49)
at com.pom.pages.FlightConfirmationPage.getSecureParcheseBtn(FlightConfirmationPage.java:49)
at com.pom.pages.FlightConfirmationPage.getSecureParcheseBtn(FlightConfirmationPage.java:49)
at com.pom.pages.FlightConfirmationPage.getSecureParcheseBtn(FlightConfirmationPage.java:49)
at com.pom.pages.FlightConfirmationPage.getSecureParcheseBtn(FlightConfirmationPage.java:49)
at com.pom.pages.FlightConfirmationPage.getSecureParcheseBtn(FlightConfirmationPage.java:49)
at com.pom.pages.FlightConfirmationPage.getSecureParcheseBtn(FlightConfirmationPage.java:49)
at com.pom.pages.FlightConfirmationPage.getSecureParcheseBtn(FlightConfirmationPage.java:49)
at com.pom.pages.FlightConfirmationPage.getSecureParcheseBtn(FlightConfirmationPage.java:49)
at com.pom.pages.FlightConfirmationPage.getSecureParcheseBtn(FlightConfirmationPage.java:49)
at com.pom.pages.FlightConfirmationPage.getSecureParcheseBtn(FlightConfirmationPage.java:49)
at com.pom.pages.FlightConfirmationPage.getSecureParcheseBtn(FlightConfirmationPage.java:49)
at com.pom.pages.FlightConfirmationPage.getSecureParcheseBtn(FlightConfirmationPage.java:49)
at com.pom.pages.FlightConfirmationPage.getSecureParcheseBtn(FlightConfirmationPage.java:49)
at com.pom.pages.FlightConfirmationPage.getSecureParcheseBtn(FlightConfirmationPage.java:49)
at com.pom.pages.FlightConfirmationPage.getSecureParcheseBtn(FlightConfirmationPage.java:49)
at com.pom.pages.FlightConfirmationPage.getSecureParcheseBtn(FlightConfirmationPage.java:49)
at com.pom.pages.FlightConfirmationPage.getSecureParcheseBtn(FlightConfirmationPage.java:49)
at com.pom.pages.FlightConfirmationPage.getSecureParcheseBtn(FlightConfirmationPage.java:49)
at com.pom.pages.FlightConfirmationPage.getSecureParcheseBtn(FlightConfirmationPage.java:49)
at com.pom.pages.FlightConfirmationPage.getSecureParcheseBtn(FlightConfirmationPage.java:49)
at com.pom.pages.FlightConfirmationPage.getSecureParcheseBtn(FlightConfirmationPage.java:49)
at com.pom.pages.FlightConfirmationPage.getSecureParcheseBtn(FlightConfirmationPage.java:49)
at com.pom.pages.FlightConfirmationPage.getSecureParcheseBtn(FlightConfirmationPage.java:49)
at com.pom.pages.FlightConfirmationPage.getSecureParcheseBtn(FlightConfirmationPage.java:49)
at com.pom.pages.FlightConfirmationPage.getSecureParcheseBtn(FlightConfirmationPage.java:49)
at com.pom.pages.FlightConfirmationPage.getSecureParcheseBtn(FlightConfirmationPage.java:49)
at com.pom.pages.FlightConfirmationPage.getSecureParcheseBtn(FlightConfirmationPage.java:49)
at com.pom.pages.FlightConfirmationPage.getSecureParcheseBtn(FlightConfirmationPage.java:49)
at com.pom.pages.FlightConfirmationPage.getSecureParcheseBtn(FlightConfirmationPage.java:49)
at com.pom.pages.FlightConfirmationPage.getSecureParcheseBtn(FlightConfirmationPage.java:49)
at com.pom.pages.FlightConfirmationPage.getSecureParcheseBtn(FlightConfirmationPage.java:49)
at com.pom.pages.FlightConfirmationPage.getSecureParcheseBtn(FlightConfirmationPage.java:49)
at com.pom.pages.FlightConfirmationPage.getSecureParcheseBtn(FlightConfirmationPage.java:49)
at com.pom.pages.FlightConfirmationPage.getSecureParcheseBtn(FlightConfirmationPage.java:49)
at com.pom.pages.FlightConfirmationPage.getSecureParcheseBtn(FlightConfirmationPage.java:49)
at com.pom.pages.FlightConfirmationPage.getSecureParcheseBtn(FlightConfirmationPage.java:49)
at com.pom.pages.FlightConfirmationPage.getSecureParcheseBtn(FlightConfirmationPage.java:49)
at com.pom.pages.FlightConfirmationPage.getSecureParcheseBtn(FlightConfirmationPage.java:49)
at com.pom.pages.FlightConfirmationPage.getSecureParcheseBtn(FlightConfirmationPage.java:49)
at com.pom.pages.FlightConfirmationPage.getSecureParcheseBtn(FlightConfirmationPage.java:49)
at com.pom.pages.FlightConfirmationPage.getSecureParcheseBtn(FlightConfirmationPage.java:49)
at com.pom.pages.FlightConfirmationPage.getSecureParcheseBtn(FlightConfirmationPage.java:49)
at com.pom.pages.FlightConfirmationPage.getSecureParcheseBtn(FlightConfirmationPage.java:49)
at com.pom.pages.FlightConfirmationPage.getSecureParcheseBtn(FlightConfirmationPage.java:49)
at com.pom.pages.FlightConfirmationPage.getSecureParcheseBtn(FlightConfirmationPage.java:49)
at com.pom.pages.FlightConfirmationPage.getSecureParcheseBtn(FlightConfirmationPage.java:49)
at com.pom.pages.FlightConfirmationPage.getSecureParcheseBtn(FlightConfirmationPage.java:49)
at com.pom.pages.FlightConfirmationPage.getSecureParcheseBtn(FlightConfirmationPage.java:49)
at com.pom.pages.FlightConfirmationPage.getSecureParcheseBtn(FlightConfirmationPage.java:49)
at com.pom.pages.FlightConfirmationPage.getSecureParcheseBtn(FlightConfirmationPage.java:49)
at com.pom.pages.FlightConfirmationPage.getSecureParcheseBtn(FlightConfirmationPage.java:49)
at com.pom.pages.FlightConfirmationPage.getSecureParcheseBtn(FlightConfirmationPage.java:49)
at com.pom.pages.FlightConfirmationPage.getSecureParcheseBtn(FlightConfirmationPage.java:49)
at com.pom.pages.FlightConfirmationPage.getSecureParcheseBtn(FlightConfirmationPage.java:49)
at com.pom.pages.FlightConfirmationPage.getSecureParcheseBtn(FlightConfirmationPage.java:49)
at com.pom.pages.FlightConfirmationPage.getSecureParcheseBtn(FlightConfirmationPage.java:49)
at com.pom.pages.FlightConfirmationPage.getSecureParcheseBtn(FlightConfirmationPage.java:49)
at com.pom.pages.FlightConfirmationPage.getSecureParcheseBtn(FlightConfirmationPage.java:49)
at com.pom.pages.FlightConfirmationPage.getSecureParcheseBtn(FlightConfirmationPage.java:49)
at com.pom.pages.FlightConfirmationPage.getSecureParcheseBtn(FlightConfirmationPage.java:49)
at com.pom.pages.FlightConfirmationPage.getSecureParcheseBtn(FlightConfirmationPage.java:49)
at com.pom.pages.FlightConfirmationPage.getSecureParcheseBtn(FlightConfirmationPage.java:49)
at com.pom.pages.FlightConfirmationPage.getSecureParcheseBtn(FlightConfirmationPage.java:49)
at com.pom.pages.FlightConfirmationPage.getSecureParcheseBtn(FlightConfirmationPage.java:49)
at com.pom.pages.FlightConfirmationPage.getSecureParcheseBtn(FlightConfirmationPage.java:49)
at com.pom.pages.FlightConfirmationPage.getSecureParcheseBtn(FlightConfirmationPage.java:49)
at com.pom.pages.FlightConfirmationPage.getSecureParcheseBtn(FlightConfirmationPage.java:49)
at com.pom.pages.FlightConfirmationPage.getSecureParcheseBtn(FlightConfirmationPage.java:49)
at com.pom.pages.FlightConfirmationPage.getSecureParcheseBtn(FlightConfirmationPage.java:49)
at com.pom.pages.FlightConfirmationPage.getSecureParcheseBtn(FlightConfirmationPage.java:49)
at com.pom.pages.FlightConfirmationPage.getSecureParcheseBtn(FlightConfirmationPage.java:49)
at com.pom.pages.FlightConfirmationPage.getSecureParcheseBtn(FlightConfirmationPage.java:49)
at com.pom.pages.FlightConfirmationPage.getSecureParcheseBtn(FlightConfirmationPage.java:49)
at com.pom.pages.FlightConfirmationPage.getSecureParcheseBtn(FlightConfirmationPage.java:49)
at com.pom.pages.FlightConfirmationPage.getSecureParcheseBtn(FlightConfirmationPage.java:49)
at com.pom.pages.FlightConfirmationPage.getSecureParcheseBtn(FlightConfirmationPage.java:49)
at com.pom.pages.FlightConfirmationPage.getSecureParcheseBtn(FlightConfirmationPage.java:49)
at com.pom.pages.FlightConfirmationPage.getSecureParcheseBtn(FlightConfirmationPage.java:49)
at com.pom.pages.FlightConfirmationPage.getSecureParcheseBtn(FlightConfirmationPage.java:49)
at com.pom.pages.FlightConfirmationPage.getSecureParcheseBtn(FlightConfirmationPage.java:49)
at com.pom.pages.FlightConfirmationPage.getSecureParcheseBtn(FlightConfirmationPage.java:49)
at com.pom.pages.FlightConfirmationPage.getSecureParcheseBtn(FlightConfirmationPage.java:49)
at com.pom.pages.FlightConfirmationPage.getSecureParcheseBtn(FlightConfirmationPage.java:49)
at com.pom.pages.FlightConfirmationPage.getSecureParcheseBtn(FlightConfirmationPage.java:49)
at com.pom.pages.FlightConfirmationPage.getSecureParcheseBtn(FlightConfirmationPage.java:49)
at com.pom.pages.FlightConfirmationPage.getSecureParcheseBtn(FlightConfirmationPage.java:49)
at com.pom.pages.FlightConfirmationPage.getSecureParcheseBtn(FlightConfirmationPage.java:49)
at com.pom.pages.FlightConfirmationPage.getSecureParcheseBtn(FlightConfirmationPage.java:49)
at com.pom.pages.FlightConfirmationPage.getSecureParcheseBtn(FlightConfirmationPage.java:49)
at com.pom.pages.FlightConfirmationPage.getSecureParcheseBtn(FlightConfirmationPage.java:49)
at com.pom.pages.FlightConfirmationPage.getSecureParcheseBtn(FlightConfirmationPage.java:49)
at com.pom.pages.FlightConfirmationPage.getSecureParcheseBtn(FlightConfirmationPage.java:49)
at com.pom.pages.FlightConfirmationPage.getSecureParcheseBtn(FlightConfirmationPage.java:49)
at com.pom.pages.FlightConfirmationPage.getSecureParcheseBtn(FlightConfirmationPage.java:49)
at com.pom.pages.FlightConfirmationPage.getSecureParcheseBtn(FlightConfirmationPage.java:49)
at com.pom.pages.FlightConfirmationPage.getSecureParcheseBtn(FlightConfirmationPage.java:49)
at com.pom.pages.FlightConfirmationPage.getSecureParcheseBtn(FlightConfirmationPage.java:49)
at com.pom.pages.FlightConfirmationPage.getSecureParcheseBtn(FlightConfirmationPage.java:49)
at com.pom.pages.FlightConfirmationPage.getSecureParcheseBtn(FlightConfirmationPage.java:49)
at com.pom.pages.FlightConfirmationPage.getSecureParcheseBtn(FlightConfirmationPage.java:49)
at com.pom.pages.FlightConfirmationPage.getSecureParcheseBtn(FlightConfirmationPage.java:49)
at com.pom.pages.FlightConfirmationPage.getSecureParcheseBtn(FlightConfirmationPage.java:49)
at com.pom.pages.FlightConfirmationPage.getSecureParcheseBtn(FlightConfirmationPage.java:49)
at com.pom.pages.FlightConfirmationPage.getSecureParcheseBtn(FlightConfirmationPage.java:49)
at com.pom.pages.FlightConfirmationPage.getSecureParcheseBtn(FlightConfirmationPage.java:49)
at com.pom.pages.FlightConfirmationPage.getSecureParcheseBtn(FlightConfirmationPage.java:49)
at com.pom.pages.FlightConfirmationPage.getSecureParcheseBtn(FlightConfirmationPage.java:49)
at com.pom.pages.FlightConfirmationPage.getSecureParcheseBtn(FlightConfirmationPage.java:49)
at com.pom.pages.FlightConfirmationPage.getSecureParcheseBtn(FlightConfirmationPage.java:49)
at com.pom.pages.FlightConfirmationPage.getSecureParcheseBtn(FlightConfirmationPage.java:49)
at com.pom.pages.FlightConfirmationPage.getSecureParcheseBtn(FlightConfirmationPage.java:49)
at com.pom.pages.FlightConfirmationPage.getSecureParcheseBtn(FlightConfirmationPage.java:49)
at com.pom.pages.FlightConfirmationPage.getSecureParcheseBtn(FlightConfirmationPage.java:49)
at com.pom.pages.FlightConfirmationPage.getSecureParcheseBtn(FlightConfirmationPage.java:49)
at com.pom.pages.FlightConfirmationPage.getSecureParcheseBtn(FlightConfirmationPage.java:49)
at com.pom.pages.FlightConfirmationPage.getSecureParcheseBtn(FlightConfirmationPage.java:49)
at com.pom.pages.FlightConfirmationPage.getSecureParcheseBtn(FlightConfirmationPage.java:49)
at com.pom.pages.FlightConfirmationPage.getSecureParcheseBtn(FlightConfirmationPage.java:49)
at com.pom.pages.FlightConfirmationPage.getSecureParcheseBtn(FlightConfirmationPage.java:49)
at com.pom.pages.FlightConfirmationPage.getSecureParcheseBtn(FlightConfirmationPage.java:49)
at com.pom.pages.FlightConfirmationPage.getSecureParcheseBtn(FlightConfirmationPage.java:49)
at com.pom.pages.FlightConfirmationPage.getSecureParcheseBtn(FlightConfirmationPage.java:49)
at com.pom.pages.FlightConfirmationPage.getSecureParcheseBtn(FlightConfirmationPage.java:49)
at com.pom.pages.FlightConfirmationPage.getSecureParcheseBtn(FlightConfirmationPage.java:49)
at com.pom.pages.FlightConfirmationPage.getSecureParcheseBtn(FlightConfirmationPage.java:49)
at com.pom.pages.FlightConfirmationPage.getSecureParcheseBtn(FlightConfirmationPage.java:49)
at com.pom.pages.FlightConfirmationPage.getSecureParcheseBtn(FlightConfirmationPage.java:49)
at com.pom.pages.FlightConfirmationPage.getSecureParcheseBtn(FlightConfirmationPage.java:49)
at com.pom.pages.FlightConfirmationPage.getSecureParcheseBtn(FlightConfirmationPage.java:49)
at com.pom.pages.FlightConfirmationPage.getSecureParcheseBtn(FlightConfirmationPage.java:49)
at com.pom.pages.FlightConfirmationPage.getSecureParcheseBtn(FlightConfirmationPage.java:49)
at com.pom.pages.FlightConfirmationPage.getSecureParcheseBtn(FlightConfirmationPage.java:49)
at com.pom.pages.FlightConfirmationPage.getSecureParcheseBtn(FlightConfirmationPage.java:49)
at com.pom.pages.FlightConfirmationPage.getSecureParcheseBtn(FlightConfirmationPage.java:49)
at com.pom.pages.FlightConfirmationPage.getSecureParcheseBtn(FlightConfirmationPage.java:49)
at com.pom.pages.FlightConfirmationPage.getSecureParcheseBtn(FlightConfirmationPage.java:49)
at com.pom.pages.FlightConfirmationPage.getSecureParcheseBtn(FlightConfirmationPage.java:49)
at com.pom.pages.FlightConfirmationPage.getSecureParcheseBtn(FlightConfirmationPage.java:49)
at com.pom.pages.FlightConfirmationPage.getSecureParcheseBtn(FlightConfirmationPage.java:49)
at com.pom.pages.FlightConfirmationPage.getSecureParcheseBtn(FlightConfirmationPage.java:49)
at com.pom.pages.FlightConfirmationPage.getSecureParcheseBtn(FlightConfirmationPage.java:49)
at com.pom.pages.FlightConfirmationPage.getSecureParcheseBtn(FlightConfirmationPage.java:49)
at com.pom.pages.FlightConfirmationPage.getSecureParcheseBtn(FlightConfirmationPage.java:49)
at com.pom.pages.FlightConfirmationPage.getSecureParcheseBtn(FlightConfirmationPage.java:49)
at com.pom.pages.FlightConfirmationPage.getSecureParcheseBtn(FlightConfirmationPage.java:49)
at com.pom.pages.FlightConfirmationPage.getSecureParcheseBtn(FlightConfirmationPage.java:49)
at com.pom.pages.FlightConfirmationPage.getSecureParcheseBtn(FlightConfirmationPage.java:49)
at com.pom.pages.FlightConfirmationPage.getSecureParcheseBtn(FlightConfirmationPage.java:49)
at com.pom.pages.FlightConfirmationPage.getSecureParcheseBtn(FlightConfirmationPage.java:49)
at com.pom.pages.FlightConfirmationPage.getSecureParcheseBtn(FlightConfirmationPage.java:49)
at com.pom.pages.FlightConfirmationPage.getSecureParcheseBtn(FlightConfirmationPage.java:49)
at com.pom.pages.FlightConfirmationPage.getSecureParcheseBtn(FlightConfirmationPage.java:49)
at com.pom.pages.FlightConfirmationPage.getSecureParcheseBtn(FlightConfirmationPage.java:49)
at com.pom.pages.FlightConfirmationPage.getSecureParcheseBtn(FlightConfirmationPage.java:49)
at com.pom.pages.FlightConfirmationPage.getSecureParcheseBtn(FlightConfirmationPage.java:49)
at com.pom.pages.FlightConfirmationPage.getSecureParcheseBtn(FlightConfirmationPage.java:49)
at com.pom.pages.FlightConfirmationPage.getSecureParcheseBtn(FlightConfirmationPage.java:49)
at com.pom.pages.FlightConfirmationPage.getSecureParcheseBtn(FlightConfirmationPage.java:49)
at com.pom.pages.FlightConfirmationPage.getSecureParcheseBtn(FlightConfirmationPage.java:49)
at com.pom.pages.FlightConfirmationPage.getSecureParcheseBtn(FlightConfirmationPage.java:49)
at com.pom.pages.FlightConfirmationPage.getSecureParcheseBtn(FlightConfirmationPage.java:49)
at com.pom.pages.FlightConfirmationPage.getSecureParcheseBtn(FlightConfirmationPage.java:49)
at com.pom.pages.FlightConfirmationPage.getSecureParcheseBtn(FlightConfirmationPage.java:49)
at com.pom.pages.FlightConfirmationPage.getSecureParcheseBtn(FlightConfirmationPage.java:49)
at com.pom.pages.FlightConfirmationPage.getSecureParcheseBtn(FlightConfirmationPage.java:49)
at com.pom.pages.FlightConfirmationPage.getSecureParcheseBtn(FlightConfirmationPage.java:49)
at com.pom.pages.FlightConfirmationPage.getSecureParcheseBtn(FlightConfirmationPage.java:49)
at com.pom.pages.FlightConfirmationPage.getSecureParcheseBtn(FlightConfirmationPage.java:49)
at com.pom.pages.FlightConfirmationPage.getSecureParcheseBtn(FlightConfirmationPage.java:49)
at com.pom.pages.FlightConfirmationPage.getSecureParcheseBtn(FlightConfirmationPage.java:49)
at com.pom.pages.FlightConfirmationPage.getSecureParcheseBtn(FlightConfirmationPage.java:49)
at com.pom.pages.FlightConfirmationPage.getSecureParcheseBtn(FlightConfirmationPage.java:49)
at com.pom.pages.FlightConfirmationPage.getSecureParcheseBtn(FlightConfirmationPage.java:49)
at com.pom.pages.FlightConfirmationPage.getSecureParcheseBtn(FlightConfirmationPage.java:49)
at com.pom.pages.FlightConfirmationPage.getSecureParcheseBtn(FlightConfirmationPage.java:49)
at com.pom.pages.FlightConfirmationPage.getSecureParcheseBtn(FlightConfirmationPage.java:49)
at com.pom.pages.FlightConfirmationPage.getSecureParcheseBtn(FlightConfirmationPage.java:49)
at com.pom.pages.FlightConfirmationPage.getSecureParcheseBtn(FlightConfirmationPage.java:49)
at com.pom.pages.FlightConfirmationPage.getSecureParcheseBtn(FlightConfirmationPage.java:49)
at com.pom.pages.FlightConfirmationPage.getSecureParcheseBtn(FlightConfirmationPage.java:49)
at com.pom.pages.FlightConfirmationPage.getSecureParcheseBtn(FlightConfirmationPage.java:49)
at com.pom.pages.FlightConfirmationPage.getSecureParcheseBtn(FlightConfirmationPage.java:49)
at com.pom.pages.FlightConfirmationPage.getSecureParcheseBtn(FlightConfirmationPage.java:49)
at com.pom.pages.FlightConfirmationPage.getSecureParcheseBtn(FlightConfirmationPage.java:49)
at com.pom.pages.FlightConfirmationPage.getSecureParcheseBtn(FlightConfirmationPage.java:49)
at com.pom.pages.FlightConfirmationPage.getSecureParcheseBtn(FlightConfirmationPage.java:49)
at com.pom.pages.FlightConfirmationPage.getSecureParcheseBtn(FlightConfirmationPage.java:49)
at com.pom.pages.FlightConfirmationPage.getSecureParcheseBtn(FlightConfirmationPage.java:49)
at com.pom.pages.FlightConfirmationPage.getSecureParcheseBtn(FlightConfirmationPage.java:49)
at com.pom.pages.FlightConfirmationPage.getSecureParcheseBtn(FlightConfirmationPage.java:49)
at com.pom.pages.FlightConfirmationPage.getSecureParcheseBtn(FlightConfirmationPage.java:49)
at com.pom.pages.FlightConfirmationPage.getSecureParcheseBtn(FlightConfirmationPage.java:49)
at com.pom.pages.FlightConfirmationPage.getSecureParcheseBtn(FlightConfirmationPage.java:49)
at com.pom.pages.FlightConfirmationPage.getSecureParcheseBtn(FlightConfirmationPage.java:49)
at com.pom.pages.FlightConfirmationPage.getSecureParcheseBtn(FlightConfirmationPage.java:49)
at com.pom.pages.FlightConfirmationPage.getSecureParcheseBtn(FlightConfirmationPage.java:49)
at com.pom.pages.FlightConfirmationPage.getSecureParcheseBtn(FlightConfirmationPage.java:49)
at com.pom.pages.FlightConfirmationPage.getSecureParcheseBtn(FlightConfirmationPage.java:49)
at com.pom.pages.FlightConfirmationPage.getSecureParcheseBtn(FlightConfirmationPage.java:49)
at com.pom.pages.FlightConfirmationPage.getSecureParcheseBtn(FlightConfirmationPage.java:49)
at com.pom.pages.FlightConfirmationPage.getSecureParcheseBtn(FlightConfirmationPage.java:49)
at com.pom.pages.FlightConfirmationPage.getSecureParcheseBtn(FlightConfirmationPage.java:49)
at com.pom.pages.FlightConfirmationPage.getSecureParcheseBtn(FlightConfirmationPage.java:49)
at com.pom.pages.FlightConfirmationPage.getSecureParcheseBtn(FlightConfirmationPage.java:49)
at com.pom.pages.FlightConfirmationPage.getSecureParcheseBtn(FlightConfirmationPage.java:49)
at com.pom.pages.FlightConfirmationPage.getSecureParcheseBtn(FlightConfirmationPage.java:49)
at com.pom.pages.FlightConfirmationPage.getSecureParcheseBtn(FlightConfirmationPage.java:49)
at com.pom.pages.FlightConfirmationPage.getSecureParcheseBtn(FlightConfirmationPage.java:49)
at com.pom.pages.FlightConfirmationPage.getSecureParcheseBtn(FlightConfirmationPage.java:49)
at com.pom.pages.FlightConfirmationPage.getSecureParcheseBtn(FlightConfirmationPage.java:49)
at com.pom.pages.FlightConfirmationPage.getSecureParcheseBtn(FlightConfirmationPage.java:49)
at com.pom.pages.FlightConfirmationPage.getSecureParcheseBtn(FlightConfirmationPage.java:49)
at com.pom.pages.FlightConfirmationPage.getSecureParcheseBtn(FlightConfirmationPage.java:49)
at com.pom.pages.FlightConfirmationPage.getSecureParcheseBtn(FlightConfirmationPage.java:49)
at com.pom.pages.FlightConfirmationPage.getSecureParcheseBtn(FlightConfirmationPage.java:49)
at com.pom.pages.FlightConfirmationPage.getSecureParcheseBtn(FlightConfirmationPage.java:49)
at com.pom.pages.FlightConfirmationPage.getSecureParcheseBtn(FlightConfirmationPage.java:49)
at com.pom.pages.FlightConfirmationPage.getSecureParcheseBtn(FlightConfirmationPage.java:49)
at com.pom.pages.FlightConfirmationPage.getSecureParcheseBtn(FlightConfirmationPage.java:49)
at com.pom.pages.FlightConfirmationPage.getSecureParcheseBtn(FlightConfirmationPage.java:49)
at com.pom.pages.FlightConfirmationPage.getSecureParcheseBtn(FlightConfirmationPage.java:49)
at com.pom.pages.FlightConfirmationPage.getSecureParcheseBtn(FlightConfirmationPage.java:49)
at com.pom.pages.FlightConfirmationPage.getSecureParcheseBtn(FlightConfirmationPage.java:49)
at com.pom.pages.FlightConfirmationPage.getSecureParcheseBtn(FlightConfirmationPage.java:49)
at com.pom.pages.FlightConfirmationPage.getSecureParcheseBtn(FlightConfirmationPage.java:49)
at com.pom.pages.FlightConfirmationPage.getSecureParcheseBtn(FlightConfirmationPage.java:49)
at com.pom.pages.FlightConfirmationPage.getSecureParcheseBtn(FlightConfirmationPage.java:49)
at com.pom.pages.FlightConfirmationPage.getSecureParcheseBtn(FlightConfirmationPage.java:49)
at com.pom.pages.FlightConfirmationPage.getSecureParcheseBtn(FlightConfirmationPage.java:49)
at com.pom.pages.FlightConfirmationPage.getSecureParcheseBtn(FlightConfirmationPage.java:49)
at com.pom.pages.FlightConfirmationPage.getSecureParcheseBtn(FlightConfirmationPage.java:49)
at com.pom.pages.FlightConfirmationPage.getSecureParcheseBtn(FlightConfirmationPage.java:49)
at com.pom.pages.FlightConfirmationPage.getSecureParcheseBtn(FlightConfirmationPage.java:49)
at com.pom.pages.FlightConfirmationPage.getSecureParcheseBtn(FlightConfirmationPage.java:49)
at com.pom.pages.FlightConfirmationPage.getSecureParcheseBtn(FlightConfirmationPage.java:49)
at com.pom.pages.FlightConfirmationPage.getSecureParcheseBtn(FlightConfirmationPage.java:49)
at com.pom.pages.FlightConfirmationPage.getSecureParcheseBtn(FlightConfirmationPage.java:49)
at com.pom.pages.FlightConfirmationPage.getSecureParcheseBtn(FlightConfirmationPage.java:49)
at com.pom.pages.FlightConfirmationPage.getSecureParcheseBtn(FlightConfirmationPage.java:49)
at com.pom.pages.FlightConfirmationPage.getSecureParcheseBtn(FlightConfirmationPage.java:49)
at com.pom.pages.FlightConfirmationPage.getSecureParcheseBtn(FlightConfirmationPage.java:49)
at com.pom.pages.FlightConfirmationPage.getSecureParcheseBtn(FlightConfirmationPage.java:49)
at com.pom.pages.FlightConfirmationPage.getSecureParcheseBtn(FlightConfirmationPage.java:49)
at com.pom.pages.FlightConfirmationPage.getSecureParcheseBtn(FlightConfirmationPage.java:49)
at com.pom.pages.FlightConfirmationPage.getSecureParcheseBtn(FlightConfirmationPage.java:49)
at com.pom.pages.FlightConfirmationPage.getSecureParcheseBtn(FlightConfirmationPage.java:49)
at com.pom.pages.FlightConfirmationPage.getSecureParcheseBtn(FlightConfirmationPage.java:49)
at com.pom.pages.FlightConfirmationPage.getSecureParcheseBtn(FlightConfirmationPage.java:49)
at com.pom.pages.FlightConfirmationPage.getSecureParcheseBtn(FlightConfirmationPage.java:49)
at com.pom.pages.FlightConfirmationPage.getSecureParcheseBtn(FlightConfirmationPage.java:49)
at com.pom.pages.FlightConfirmationPage.getSecureParcheseBtn(FlightConfirmationPage.java:49)
at com.pom.pages.FlightConfirmationPage.getSecureParcheseBtn(FlightConfirmationPage.java:49)
at com.pom.pages.FlightConfirmationPage.getSecureParcheseBtn(FlightConfirmationPage.java:49)
at com.pom.pages.FlightConfirmationPage.getSecureParcheseBtn(FlightConfirmationPage.java:49)
at com.pom.pages.FlightConfirmationPage.getSecureParcheseBtn(FlightConfirmationPage.java:49)
at com.pom.pages.FlightConfirmationPage.getSecureParcheseBtn(FlightConfirmationPage.java:49)
at com.pom.pages.FlightConfirmationPage.getSecureParcheseBtn(FlightConfirmationPage.java:49)
at com.pom.pages.FlightConfirmationPage.getSecureParcheseBtn(FlightConfirmationPage.java:49)
at com.pom.pages.FlightConfirmationPage.getSecureParcheseBtn(FlightConfirmationPage.java:49)
at com.pom.pages.FlightConfirmationPage.getSecureParcheseBtn(FlightConfirmationPage.java:49)
at com.pom.pages.FlightConfirmationPage.getSecureParcheseBtn(FlightConfirmationPage.java:49)
at com.pom.pages.FlightConfirmationPage.getSecureParcheseBtn(FlightConfirmationPage.java:49)
at com.pom.pages.FlightConfirmationPage.getSecureParcheseBtn(FlightConfirmationPage.java:49)
at com.pom.pages.FlightConfirmationPage.getSecureParcheseBtn(FlightConfirmationPage.java:49)
at com.pom.pages.FlightConfirmationPage.getSecureParcheseBtn(FlightConfirmationPage.java:49)
at com.pom.pages.FlightConfirmationPage.getSecureParcheseBtn(FlightConfirmationPage.java:49)
at com.pom.pages.FlightConfirmationPage.getSecureParcheseBtn(FlightConfirmationPage.java:49)
at com.pom.pages.FlightConfirmationPage.getSecureParcheseBtn(FlightConfirmationPage.java:49)
at com.pom.pages.FlightConfirmationPage.getSecureParcheseBtn(FlightConfirmationPage.java:49)
at com.pom.pages.FlightConfirmationPage.getSecureParcheseBtn(FlightConfirmationPage.java:49)
at com.pom.pages.FlightConfirmationPage.getSecureParcheseBtn(FlightConfirmationPage.java:49)
at com.pom.pages.FlightConfirmationPage.getSecureParcheseBtn(FlightConfirmationPage.java:49)
at com.pom.pages.FlightConfirmationPage.getSecureParcheseBtn(FlightConfirmationPage.java:49)
at com.pom.pages.FlightConfirmationPage.getSecureParcheseBtn(FlightConfirmationPage.java:49)
at com.pom.pages.FlightConfirmationPage.getSecureParcheseBtn(FlightConfirmationPage.java:49)
at com.pom.pages.FlightConfirmationPage.getSecureParcheseBtn(FlightConfirmationPage.java:49)
at com.pom.pages.FlightConfirmationPage.getSecureParcheseBtn(FlightConfirmationPage.java:49)
at com.pom.pages.FlightConfirmationPage.getSecureParcheseBtn(FlightConfirmationPage.java:49)
at com.pom.pages.FlightConfirmationPage.getSecureParcheseBtn(FlightConfirmationPage.java:49)
at com.pom.pages.FlightConfirmationPage.getSecureParcheseBtn(FlightConfirmationPage.java:49)
at com.pom.pages.FlightConfirmationPage.getSecureParcheseBtn(FlightConfirmationPage.java:49)
at com.pom.pages.FlightConfirmationPage.getSecureParcheseBtn(FlightConfirmationPage.java:49)
at com.pom.pages.FlightConfirmationPage.getSecureParcheseBtn(FlightConfirmationPage.java:49)
at com.pom.pages.FlightConfirmationPage.getSecureParcheseBtn(FlightConfirmationPage.java:49)
at com.pom.pages.FlightConfirmationPage.getSecureParcheseBtn(FlightConfirmationPage.java:49)
at com.pom.pages.FlightConfirmationPage.getSecureParcheseBtn(FlightConfirmationPage.java:49)
at com.pom.pages.FlightConfirmationPage.getSecureParcheseBtn(FlightConfirmationPage.java:49)
at com.pom.pages.FlightConfirmationPage.getSecureParcheseBtn(FlightConfirmationPage.java:49)
at com.pom.pages.FlightConfirmationPage.getSecureParcheseBtn(FlightConfirmationPage.java:49)
at com.pom.pages.FlightConfirmationPage.getSecureParcheseBtn(FlightConfirmationPage.java:49)
at com.pom.pages.FlightConfirmationPage.getSecureParcheseBtn(FlightConfirmationPage.java:49)
at com.pom.pages.FlightConfirmationPage.getSecureParcheseBtn(FlightConfirmationPage.java:49)
at com.pom.pages.FlightConfirmationPage.getSecureParcheseBtn(FlightConfirmationPage.java:49)
at com.pom.pages.FlightConfirmationPage.getSecureParcheseBtn(FlightConfirmationPage.java:49)
at com.pom.pages.FlightConfirmationPage.getSecureParcheseBtn(FlightConfirmationPage.java:49)
at com.pom.pages.FlightConfirmationPage.getSecureParcheseBtn(FlightConfirmationPage.java:49)
at com.pom.pages.FlightConfirmationPage.getSecureParcheseBtn(FlightConfirmationPage.java:49)
at com.pom.pages.FlightConfirmationPage.getSecureParcheseBtn(FlightConfirmationPage.java:49)
at com.pom.pages.FlightConfirmationPage.getSecureParcheseBtn(FlightConfirmationPage.java:49)
at com.pom.pages.FlightConfirmationPage.getSecureParcheseBtn(FlightConfirmationPage.java:49)
at com.pom.pages.FlightConfirmationPage.getSecureParcheseBtn(FlightConfirmationPage.java:49)
at com.pom.pages.FlightConfirmationPage.getSecureParcheseBtn(FlightConfirmationPage.java:49)
at com.pom.pages.FlightConfirmationPage.getSecureParcheseBtn(FlightConfirmationPage.java:49)
at com.pom.pages.FlightConfirmationPage.getSecureParcheseBtn(FlightConfirmationPage.java:49)
at com.pom.pages.FlightConfirmationPage.getSecureParcheseBtn(FlightConfirmationPage.java:49)
at com.pom.pages.FlightConfirmationPage.getSecureParcheseBtn(FlightConfirmationPage.java:49)
at com.pom.pages.FlightConfirmationPage.getSecureParcheseBtn(FlightConfirmationPage.java:49)
at com.pom.pages.FlightConfirmationPage.getSecureParcheseBtn(FlightConfirmationPage.java:49)
at com.pom.pages.FlightConfirmationPage.getSecureParcheseBtn(FlightConfirmationPage.java:49)
at com.pom.pages.FlightConfirmationPage.getSecureParcheseBtn(FlightConfirmationPage.java:49)
at com.pom.pages.FlightConfirmationPage.getSecureParcheseBtn(FlightConfirmationPage.java:49)
at com.pom.pages.FlightConfirmationPage.getSecureParcheseBtn(FlightConfirmationPage.java:49)
at com.pom.pages.FlightConfirmationPage.getSecureParcheseBtn(FlightConfirmationPage.java:49)
at com.pom.pages.FlightConfirmationPage.getSecureParcheseBtn(FlightConfirmationPage.java:49)
at com.pom.pages.FlightConfirmationPage.getSecureParcheseBtn(FlightConfirmationPage.java:49)
at com.pom.pages.FlightConfirmationPage.getSecureParcheseBtn(FlightConfirmationPage.java:49)
at com.pom.pages.FlightConfirmationPage.getSecureParcheseBtn(FlightConfirmationPage.java:49)
at com.pom.pages.FlightConfirmationPage.getSecureParcheseBtn(FlightConfirmationPage.java:49)
at com.pom.pages.FlightConfirmationPage.getSecureParcheseBtn(FlightConfirmationPage.java:49)
at com.pom.pages.FlightConfirmationPage.getSecureParcheseBtn(FlightConfirmationPage.java:49)
at com.pom.pages.FlightConfirmationPage.getSecureParcheseBtn(FlightConfirmationPage.java:49)
at com.pom.pages.FlightConfirmationPage.getSecureParcheseBtn(FlightConfirmationPage.java:49)
at com.pom.pages.FlightConfirmationPage.getSecureParcheseBtn(FlightConfirmationPage.java:49)
at com.pom.pages.FlightConfirmationPage.getSecureParcheseBtn(FlightConfirmationPage.java:49)
at com.pom.pages.FlightConfirmationPage.getSecureParcheseBtn(FlightConfirmationPage.java:49)
at com.pom.pages.FlightConfirmationPage.getSecureParcheseBtn(FlightConfirmationPage.java:49)
at com.pom.pages.FlightConfirmationPage.getSecureParcheseBtn(FlightConfirmationPage.java:49)
at com.pom.pages.FlightConfirmationPage.getSecureParcheseBtn(FlightConfirmationPage.java:49)
at com.pom.pages.FlightConfirmationPage.getSecureParcheseBtn(FlightConfirmationPage.java:49)
at com.pom.pages.FlightConfirmationPage.getSecureParcheseBtn(FlightConfirmationPage.java:49)
at com.pom.pages.FlightConfirmationPage.getSecureParcheseBtn(FlightConfirmationPage.java:49)
at com.pom.pages.FlightConfirmationPage.getSecureParcheseBtn(FlightConfirmationPage.java:49)
at com.pom.pages.FlightConfirmationPage.getSecureParcheseBtn(FlightConfirmationPage.java:49)
at com.pom.pages.FlightConfirmationPage.getSecureParcheseBtn(FlightConfirmationPage.java:49)
at com.pom.pages.FlightConfirmationPage.getSecureParcheseBtn(FlightConfirmationPage.java:49)
at com.pom.pages.FlightConfirmationPage.getSecureParcheseBtn(FlightConfirmationPage.java:49)
at com.pom.pages.FlightConfirmationPage.getSecureParcheseBtn(FlightConfirmationPage.java:49)
at com.pom.pages.FlightConfirmationPage.getSecureParcheseBtn(FlightConfirmationPage.java:49)
at com.pom.pages.FlightConfirmationPage.getSecureParcheseBtn(FlightConfirmationPage.java:49)
at com.pom.pages.FlightConfirmationPage.getSecureParcheseBtn(FlightConfirmationPage.java:49)
at com.pom.pages.FlightConfirmationPage.getSecureParcheseBtn(FlightConfirmationPage.java:49)
at com.pom.pages.FlightConfirmationPage.getSecureParcheseBtn(FlightConfirmationPage.java:49)
at com.pom.pages.FlightConfirmationPage.getSecureParcheseBtn(FlightConfirmationPage.java:49)
at com.pom.pages.FlightConfirmationPage.getSecureParcheseBtn(FlightConfirmationPage.java:49)
at com.pom.pages.FlightConfirmationPage.getSecureParcheseBtn(FlightConfirmationPage.java:49)
at com.pom.pages.FlightConfirmationPage.getSecureParcheseBtn(FlightConfirmationPage.java:49)
at com.pom.pages.FlightConfirmationPage.getSecureParcheseBtn(FlightConfirmationPage.java:49)
at com.pom.pages.FlightConfirmationPage.getSecureParcheseBtn(FlightConfirmationPage.java:49)
at com.pom.pages.FlightConfirmationPage.getSecureParcheseBtn(FlightConfirmationPage.java:49)
at com.pom.pages.FlightConfirmationPage.getSecureParcheseBtn(FlightConfirmationPage.java:49)
at com.pom.pages.FlightConfirmationPage.getSecureParcheseBtn(FlightConfirmationPage.java:49)
at com.pom.pages.FlightConfirmationPage.getSecureParcheseBtn(FlightConfirmationPage.java:49)
at com.pom.pages.FlightConfirmationPage.getSecureParcheseBtn(FlightConfirmationPage.java:49)
at com.pom.pages.FlightConfirmationPage.getSecureParcheseBtn(FlightConfirmationPage.java:49)
at com.pom.pages.FlightConfirmationPage.getSecureParcheseBtn(FlightConfirmationPage.java:49)
at com.pom.pages.FlightConfirmationPage.getSecureParcheseBtn(FlightConfirmationPage.java:49)
at com.pom.pages.FlightConfirmationPage.getSecureParcheseBtn(FlightConfirmationPage.java:49)
at com.pom.pages.FlightConfirmationPage.getSecureParcheseBtn(FlightConfirmationPage.java:49)
at com.pom.pages.FlightConfirmationPage.getSecureParcheseBtn(FlightConfirmationPage.java:49)
at com.pom.pages.FlightConfirmationPage.getSecureParcheseBtn(FlightConfirmationPage.java:49)
at com.pom.pages.FlightConfirmationPage.getSecureParcheseBtn(FlightConfirmationPage.java:49)
at com.pom.pages.FlightConfirmationPage.getSecureParcheseBtn(FlightConfirmationPage.java:49)
at com.pom.pages.FlightConfirmationPage.getSecureParcheseBtn(FlightConfirmationPage.java:49)
at com.pom.pages.FlightConfirmationPage.getSecureParcheseBtn(FlightConfirmationPage.java:49)
at com.pom.pages.FlightConfirmationPage.getSecureParcheseBtn(FlightConfirmationPage.java:49)
at com.pom.pages.FlightConfirmationPage.getSecureParcheseBtn(FlightConfirmationPage.java:49)
at com.pom.pages.FlightConfirmationPage.getSecureParcheseBtn(FlightConfirmationPage.java:49)
at com.pom.pages.FlightConfirmationPage.getSecureParcheseBtn(FlightConfirmationPage.java:49)
at com.pom.pages.FlightConfirmationPage.getSecureParcheseBtn(FlightConfirmationPage.java:49)
at com.pom.pages.FlightConfirmationPage.getSecureParcheseBtn(FlightConfirmationPage.java:49)
at com.pom.pages.FlightConfirmationPage.getSecureParcheseBtn(FlightConfirmationPage.java:49)
at com.pom.pages.FlightConfirmationPage.getSecureParcheseBtn(FlightConfirmationPage.java:49)
at com.pom.pages.FlightConfirmationPage.getSecureParcheseBtn(FlightConfirmationPage.java:49)
at com.pom.pages.FlightConfirmationPage.getSecureParcheseBtn(FlightConfirmationPage.java:49)
at com.pom.pages.FlightConfirmationPage.getSecureParcheseBtn(FlightConfirmationPage.java:49)
at com.pom.pages.FlightConfirmationPage.getSecureParcheseBtn(FlightConfirmationPage.java:49)
at com.pom.pages.FlightConfirmationPage.getSecureParcheseBtn(FlightConfirmationPage.java:49)
at com.pom.pages.FlightConfirmationPage.getSecureParcheseBtn(FlightConfirmationPage.java:49)
at com.pom.pages.FlightConfirmationPage.getSecureParcheseBtn(FlightConfirmationPage.java:49)
at com.pom.pages.FlightConfirmationPage.getSecureParcheseBtn(FlightConfirmationPage.java:49)
at com.pom.pages.FlightConfirmationPage.getSecureParcheseBtn(FlightConfirmationPage.java:49)
at com.pom.pages.FlightConfirmationPage.getSecureParcheseBtn(FlightConfirmationPage.java:49)
at com.pom.pages.FlightConfirmationPage.getSecureParcheseBtn(FlightConfirmationPage.java:49)
at com.pom.pages.FlightConfirmationPage.getSecureParcheseBtn(FlightConfirmationPage.java:49)
at com.pom.pages.FlightConfirmationPage.getSecureParcheseBtn(FlightConfirmationPage.java:49)
at com.pom.pages.FlightConfirmationPage.getSecureParcheseBtn(FlightConfirmationPage.java:49)
at com.pom.pages.FlightConfirmationPage.getSecureParcheseBtn(FlightConfirmationPage.java:49)
at com.pom.pages.FlightConfirmationPage.getSecureParcheseBtn(FlightConfirmationPage.java:49)
at com.pom.pages.FlightConfirmationPage.getSecureParcheseBtn(FlightConfirmationPage.java:49)
at com.pom.pages.FlightConfirmationPage.getSecureParcheseBtn(FlightConfirmationPage.java:49)
at com.pom.pages.FlightConfirmationPage.getSecureParcheseBtn(FlightConfirmationPage.java:49)
at com.pom.pages.FlightConfirmationPage.getSecureParcheseBtn(FlightConfirmationPage.java:49)
at com.pom.pages.FlightConfirmationPage.getSecureParcheseBtn(FlightConfirmationPage.java:49)
at com.pom.pages.FlightConfirmationPage.getSecureParcheseBtn(FlightConfirmationPage.java:49)
at com.pom.pages.FlightConfirmationPage.getSecureParcheseBtn(FlightConfirmationPage.java:49)
at com.pom.pages.FlightConfirmationPage.getSecureParcheseBtn(FlightConfirmationPage.java:49)
at com.pom.pages.FlightConfirmationPage.getSecureParcheseBtn(FlightConfirmationPage.java:49)
at com.pom.pages.FlightConfirmationPage.getSecureParcheseBtn(FlightConfirmationPage.java:49)
at com.pom.pages.FlightConfirmationPage.getSecureParcheseBtn(FlightConfirmationPage.java:49)
at com.pom.pages.FlightConfirmationPage.getSecureParcheseBtn(FlightConfirmationPage.java:49)
at com.pom.pages.FlightConfirmationPage.getSecureParcheseBtn(FlightConfirmationPage.java:49)
at com.pom.pages.FlightConfirmationPage.getSecureParcheseBtn(FlightConfirmationPage.java:49)
at com.pom.pages.FlightConfirmationPage.getSecureParcheseBtn(FlightConfirmationPage.java:49)
at com.pom.pages.FlightConfirmationPage.getSecureParcheseBtn(FlightConfirmationPage.java:49)
at com.pom.pages.FlightConfirmationPage.getSecureParcheseBtn(FlightConfirmationPage.java:49)
at com.pom.pages.FlightConfirmationPage.getSecureParcheseBtn(FlightConfirmationPage.java:49)
at com.pom.pages.FlightConfirmationPage.getSecureParcheseBtn(FlightConfirmationPage.java:49)
at com.pom.pages.FlightConfirmationPage.getSecureParcheseBtn(FlightConfirmationPage.java:49)
at com.pom.pages.FlightConfirmationPage.getSecureParcheseBtn(FlightConfirmationPage.java:49)
at com.pom.pages.FlightConfirmationPage.getSecureParcheseBtn(FlightConfirmationPage.java:49)
at com.pom.pages.FlightConfirmationPage.getSecureParcheseBtn(FlightConfirmationPage.java:49)
at com.pom.pages.FlightConfirmationPage.getSecureParcheseBtn(FlightConfirmationPage.java:49)
at com.pom.pages.FlightConfirmationPage.getSecureParcheseBtn(FlightConfirmationPage.java:49)
at com.pom.pages.FlightConfirmationPage.getSecureParcheseBtn(FlightConfirmationPage.java:49)
at com.pom.pages.FlightConfirmationPage.getSecureParcheseBtn(FlightConfirmationPage.java:49)
at com.pom.pages.FlightConfirmationPage.getSecureParcheseBtn(FlightConfirmationPage.java:49)
at com.pom.pages.FlightConfirmationPage.getSecureParcheseBtn(FlightConfirmationPage.java:49)
at com.pom.pages.FlightConfirmationPage.getSecureParcheseBtn(FlightConfirmationPage.java:49)
at com.pom.pages.FlightConfirmationPage.getSecureParcheseBtn(FlightConfirmationPage.java:49)
at com.pom.pages.FlightConfirmationPage.getSecureParcheseBtn(FlightConfirmationPage.java:49)
at com.pom.pages.FlightConfirmationPage.getSecureParcheseBtn(FlightConfirmationPage.java:49)
at com.pom.pages.FlightConfirmationPage.getSecureParcheseBtn(FlightConfirmationPage.java:49)
at com.pom.pages.FlightConfirmationPage.getSecureParcheseBtn(FlightConfirmationPage.java:49)
at com.pom.pages.FlightConfirmationPage.getSecureParcheseBtn(FlightConfirmationPage.java:49)
at com.pom.pages.FlightConfirmationPage.getSecureParcheseBtn(FlightConfirmationPage.java:49)
at com.pom.pages.FlightConfirmationPage.getSecureParcheseBtn(FlightConfirmationPage.java:49)
at com.pom.pages.FlightConfirmationPage.getSecureParcheseBtn(FlightConfirmationPage.java:49)
at com.pom.pages.FlightConfirmationPage.getSecureParcheseBtn(FlightConfirmationPage.java:49)
at com.pom.pages.FlightConfirmationPage.getSecureParcheseBtn(FlightConfirmationPage.java:49)
at com.pom.pages.FlightConfirmationPage.getSecureParcheseBtn(FlightConfirmationPage.java:49)
at com.pom.pages.FlightConfirmationPage.getSecureParcheseBtn(FlightConfirmationPage.java:49)
at com.pom.pages.FlightConfirmationPage.getSecureParcheseBtn(FlightConfirmationPage.java:49)
at com.pom.pages.FlightConfirmationPage.getSecureParcheseBtn(FlightConfirmationPage.java:49)
at com.pom.pages.FlightConfirmationPage.getSecureParcheseBtn(FlightConfirmationPage.java:49)
at com.pom.pages.FlightConfirmationPage.getSecureParcheseBtn(FlightConfirmationPage.java:49)
at com.pom.pages.FlightConfirmationPage.getSecureParcheseBtn(FlightConfirmationPage.java:49)
at com.pom.pages.FlightConfirmationPage.getSecureParcheseBtn(FlightConfirmationPage.java:49)
at com.pom.pages.FlightConfirmationPage.getSecureParcheseBtn(FlightConfirmationPage.java:49)
at com.pom.pages.FlightConfirmationPage.getSecureParcheseBtn(FlightConfirmationPage.java:49)
at com.pom.pages.FlightConfirmationPage.getSecureParcheseBtn(FlightConfirmationPage.java:49)
at com.pom.pages.FlightConfirmationPage.getSecureParcheseBtn(FlightConfirmationPage.java:49)
at com.pom.pages.FlightConfirmationPage.getSecureParcheseBtn(FlightConfirmationPage.java:49)
at com.pom.pages.FlightConfirmationPage.getSecureParcheseBtn(FlightConfirmationPage.java:49)
at com.pom.pages.FlightConfirmationPage.getSecureParcheseBtn(FlightConfirmationPage.java:49)
at com.pom.pages.FlightConfirmationPage.getSecureParcheseBtn(FlightConfirmationPage.java:49)
at com.pom.pages.FlightConfirmationPage.getSecureParcheseBtn(FlightConfirmationPage.java:49)
at com.pom.pages.FlightConfirmationPage.getSecureParcheseBtn(FlightConfirmationPage.java:49)
at com.pom.pages.FlightConfirmationPage.getSecureParcheseBtn(FlightConfirmationPage.java:49)
at com.pom.pages.FlightConfirmationPage.getSecureParcheseBtn(FlightConfirmationPage.java:49)
at com.pom.pages.FlightConfirmationPage.getSecureParcheseBtn(FlightConfirmationPage.java:49)
at com.pom.pages.FlightConfirmationPage.getSecureParcheseBtn(FlightConfirmationPage.java:49)
at com.pom.pages.FlightConfirmationPage.getSecureParcheseBtn(FlightConfirmationPage.java:49)
at com.pom.pages.FlightConfirmationPage.getSecureParcheseBtn(FlightConfirmationPage.java:49)
at com.pom.pages.FlightConfirmationPage.getSecureParcheseBtn(FlightConfirmationPage.java:49)
at com.pom.pages.FlightConfirmationPage.getSecureParcheseBtn(FlightConfirmationPage.java:49)
at com.pom.pages.FlightConfirmationPage.getSecureParcheseBtn(FlightConfirmationPage.java:49)
at com.pom.pages.FlightConfirmationPage.getSecureParcheseBtn(FlightConfirmationPage.java:49)
at com.pom.pages.FlightConfirmationPage.getSecureParcheseBtn(FlightConfirmationPage.java:49)
at com.pom.pages.FlightConfirmationPage.getSecureParcheseBtn(FlightConfirmationPage.java:49)
at com.pom.pages.FlightConfirmationPage.getSecureParcheseBtn(FlightConfirmationPage.java:49)
at com.pom.pages.FlightConfirmationPage.getSecureParcheseBtn(FlightConfirmationPage.java:49)
at com.pom.pages.FlightConfirmationPage.getSecureParcheseBtn(FlightConfirmationPage.java:49)
at com.pom.pages.FlightConfirmationPage.getSecureParcheseBtn(FlightConfirmationPage.java:49)
at com.pom.pages.FlightConfirmationPage.getSecureParcheseBtn(FlightConfirmationPage.java:49)
at com.pom.pages.FlightConfirmationPage.getSecureParcheseBtn(FlightConfirmationPage.java:49)
at com.pom.pages.FlightConfirmationPage.getSecureParcheseBtn(FlightConfirmationPage.java:49)
at com.pom.pages.FlightConfirmationPage.getSecureParcheseBtn(FlightConfirmationPage.java:49)
at com.pom.pages.FlightConfirmationPage.getSecureParcheseBtn(FlightConfirmationPage.java:49)
at com.pom.pages.FlightConfirmationPage.getSecureParcheseBtn(FlightConfirmationPage.java:49)
at com.pom.pages.FlightConfirmationPage.getSecureParcheseBtn(FlightConfirmationPage.java:49)
at com.pom.pages.FlightConfirmationPage.getSecureParcheseBtn(FlightConfirmationPage.java:49)
at com.pom.pages.FlightConfirmationPage.getSecureParcheseBtn(FlightConfirmationPage.java:49)
at com.pom.pages.FlightConfirmationPage.getSecureParcheseBtn(FlightConfirmationPage.java:49)
at com.pom.pages.FlightConfirmationPage.getSecureParcheseBtn(FlightConfirmationPage.java:49)
at com.pom.pages.FlightConfirmationPage.getSecureParcheseBtn(FlightConfirmationPage.java:49)
at com.pom.pages.FlightConfirmationPage.getSecureParcheseBtn(FlightConfirmationPage.java:49)
at com.pom.pages.FlightConfirmationPage.getSecureParcheseBtn(FlightConfirmationPage.java:49)
at com.pom.pages.FlightConfirmationPage.getSecureParcheseBtn(FlightConfirmationPage.java:49)
at com.pom.pages.FlightConfirmationPage.getSecureParcheseBtn(FlightConfirmationPage.java:49)
at com.pom.pages.FlightConfirmationPage.getSecureParcheseBtn(FlightConfirmationPage.java:49)
at com.pom.pages.FlightConfirmationPage.getSecureParcheseBtn(FlightConfirmationPage.java:49)
at com.pom.pages.FlightConfirmationPage.getSecureParcheseBtn(FlightConfirmationPage.java:49)
at com.pom.pages.FlightConfirmationPage.getSecureParcheseBtn(FlightConfirmationPage.java:49)
at com.pom.pages.FlightConfirmationPage.getSecureParcheseBtn(FlightConfirmationPage.java:49)
at com.pom.pages.FlightConfirmationPage.getSecureParcheseBtn(FlightConfirmationPage.java:49)
at com.pom.pages.FlightConfirmationPage.getSecureParcheseBtn(FlightConfirmationPage.java:49)
at com.pom.pages.FlightConfirmationPage.getSecureParcheseBtn(FlightConfirmationPage.java:49)
at com.pom.pages.FlightConfirmationPage.getSecureParcheseBtn(FlightConfirmationPage.java:49)
at com.pom.pages.FlightConfirmationPage.getSecureParcheseBtn(FlightConfirmationPage.java:49)
at com.pom.pages.FlightConfirmationPage.getSecureParcheseBtn(FlightConfirmationPage.java:49)
at com.pom.pages.FlightConfirmationPage.getSecureParcheseBtn(FlightConfirmationPage.java:49)
at com.pom.pages.FlightConfirmationPage.getSecureParcheseBtn(FlightConfirmationPage.java:49)
at com.pom.pages.FlightConfirmationPage.getSecureParcheseBtn(FlightConfirmationPage.java:49)
at com.pom.pages.FlightConfirmationPage.getSecureParcheseBtn(FlightConfirmationPage.java:49)
at com.pom.pages.FlightConfirmationPage.getSecureParcheseBtn(FlightConfirmationPage.java:49)
at com.pom.pages.FlightConfirmationPage.getSecureParcheseBtn(FlightConfirmationPage.java:49)
at com.pom.pages.FlightConfirmationPage.getSecureParcheseBtn(FlightConfirmationPage.java:49)
at com.pom.pages.FlightConfirmationPage.getSecureParcheseBtn(FlightConfirmationPage.java:49)
at com.pom.pages.FlightConfirmationPage.getSecureParcheseBtn(FlightConfirmationPage.java:49)
at com.pom.pages.FlightConfirmationPage.getSecureParcheseBtn(FlightConfirmationPage.java:49)
at com.pom.pages.FlightConfirmationPage.getSecureParcheseBtn(FlightConfirmationPage.java:49)
at com.pom.pages.FlightConfirmationPage.getSecureParcheseBtn(FlightConfirmationPage.java:49)
at com.pom.pages.FlightConfirmationPage.getSecureParcheseBtn(FlightConfirmationPage.java:49)
at com.pom.pages.FlightConfirmationPage.getSecureParcheseBtn(FlightConfirmationPage.java:49)
at com.pom.pages.FlightConfirmationPage.getSecureParcheseBtn(FlightConfirmationPage.java:49)
at com.pom.pages.FlightConfirmationPage.getSecureParcheseBtn(FlightConfirmationPage.java:49)
at com.pom.pages.FlightConfirmationPage.getSecureParcheseBtn(FlightConfirmationPage.java:49)
at com.pom.pages.FlightConfirmationPage.getSecureParcheseBtn(FlightConfirmationPage.java:49)
at com.pom.pages.FlightConfirmationPage.getSecureParcheseBtn(FlightConfirmationPage.java:49)
at com.pom.pages.FlightConfirmationPage.getSecureParcheseBtn(FlightConfirmationPage.java:49)
at com.pom.pages.FlightConfirmationPage.getSecureParcheseBtn(FlightConfirmationPage.java:49)
at com.pom.pages.FlightConfirmationPage.getSecureParcheseBtn(FlightConfirmationPage.java:49)
at com.pom.pages.FlightConfirmationPage.getSecureParcheseBtn(FlightConfirmationPage.java:49)
at com.pom.pages.FlightConfirmationPage.getSecureParcheseBtn(FlightConfirmationPage.java:49)
at com.pom.pages.FlightConfirmationPage.getSecureParcheseBtn(FlightConfirmationPage.java:49)
at com.pom.pages.FlightConfirmationPage.getSecureParcheseBtn(FlightConfirmationPage.java:49)
at com.pom.pages.FlightConfirmationPage.getSecureParcheseBtn(FlightConfirmationPage.java:49)
at com.pom.pages.FlightConfirmationPage.getSecureParcheseBtn(FlightConfirmationPage.java:49)
at com.pom.pages.FlightConfirmationPage.getSecureParcheseBtn(FlightConfirmationPage.java:49)
at com.pom.pages.FlightConfirmationPage.getSecureParcheseBtn(FlightConfirmationPage.java:49)
at com.pom.pages.FlightConfirmationPage.getSecureParcheseBtn(FlightConfirmationPage.java:49)
at com.pom.pages.FlightConfirmationPage.getSecureParcheseBtn(FlightConfirmationPage.java:49)
at com.pom.pages.FlightConfirmationPage.getSecureParcheseBtn(FlightConfirmationPage.java:49)
at com.pom.pages.FlightConfirmationPage.getSecureParcheseBtn(FlightConfirmationPage.java:49)
at com.pom.pages.FlightConfirmationPage.getSecureParcheseBtn(FlightConfirmationPage.java:49)
at com.pom.pages.FlightConfirmationPage.getSecureParcheseBtn(FlightConfirmationPage.java:49)
at com.pom.pages.FlightConfirmationPage.getSecureParcheseBtn(FlightConfirmationPage.java:49)
at com.pom.pages.FlightConfirmationPage.getSecureParcheseBtn(FlightConfirmationPage.java:49)
at com.pom.pages.FlightConfirmationPage.getSecureParcheseBtn(FlightConfirmationPage.java:49)
at com.pom.pages.FlightConfirmationPage.getSecureParcheseBtn(FlightConfirmationPage.java:49)
at com.pom.pages.FlightConfirmationPage.getSecureParcheseBtn(FlightConfirmationPage.java:49)
at com.pom.pages.FlightConfirmationPage.getSecureParcheseBtn(FlightConfirmationPage.java:49)
at com.pom.pages.FlightConfirmationPage.getSecureParcheseBtn(FlightConfirmationPage.java:49)
at com.pom.pages.FlightConfirmationPage.getSecureParcheseBtn(FlightConfirmationPage.java:49)
at com.pom.pages.FlightConfirmationPage.getSecureParcheseBtn(FlightConfirmationPage.java:49)
at com.pom.pages.FlightConfirmationPage.getSecureParcheseBtn(FlightConfirmationPage.java:49)
at com.pom.pages.FlightConfirmationPage.getSecureParcheseBtn(FlightConfirmationPage.java:49)
at com.pom.pages.FlightConfirmationPage.getSecureParcheseBtn(FlightConfirmationPage.java:49)
at com.pom.pages.FlightConfirmationPage.getSecureParcheseBtn(FlightConfirmationPage.java:49)
at com.pom.pages.FlightConfirmationPage.getSecureParcheseBtn(FlightConfirmationPage.java:49)
at com.pom.pages.FlightConfirmationPage.getSecureParcheseBtn(FlightConfirmationPage.java:49)
at com.pom.pages.FlightConfirmationPage.getSecureParcheseBtn(FlightConfirmationPage.java:49)
at com.pom.pages.FlightConfirmationPage.getSecureParcheseBtn(FlightConfirmationPage.java:49)
at com.pom.pages.FlightConfirmationPage.getSecureParcheseBtn(FlightConfirmationPage.java:49)
at com.pom.pages.FlightConfirmationPage.getSecureParcheseBtn(FlightConfirmationPage.java:49)
at com.pom.pages.FlightConfirmationPage.getSecureParcheseBtn(FlightConfirmationPage.java:49)
at com.pom.pages.FlightConfirmationPage.getSecureParcheseBtn(FlightConfirmationPage.java:49)
at com.pom.pages.FlightConfirmationPage.getSecureParcheseBtn(FlightConfirmationPage.java:49)
at com.pom.pages.FlightConfirmationPage.getSecureParcheseBtn(FlightConfirmationPage.java:49)
at com.pom.pages.FlightConfirmationPage.getSecureParcheseBtn(FlightConfirmationPage.java:49)
at com.pom.pages.FlightConfirmationPage.getSecureParcheseBtn(FlightConfirmationPage.java:49)
at com.pom.pages.FlightConfirmationPage.getSecureParcheseBtn(FlightConfirmationPage.java:49)
at com.pom.pages.FlightConfirmationPage.getSecureParcheseBtn(FlightConfirmationPage.java:49)
at com.pom.pages.FlightConfirmationPage.getSecureParcheseBtn(FlightConfirmationPage.java:49)
at com.pom.pages.FlightConfirmationPage.getSecureParcheseBtn(FlightConfirmationPage.java:49)
at com.pom.pages.FlightConfirmationPage.getSecureParcheseBtn(FlightConfirmationPage.java:49)
at com.pom.pages.FlightConfirmationPage.getSecureParcheseBtn(FlightConfirmationPage.java:49)
at com.pom.pages.FlightConfirmationPage.getSecureParcheseBtn(FlightConfirmationPage.java:49)
at com.pom.pages.FlightConfirmationPage.getSecureParcheseBtn(FlightConfirmationPage.java:49)
at com.pom.pages.FlightConfirmationPage.getSecureParcheseBtn(FlightConfirmationPage.java:49)
at com.pom.pages.FlightConfirmationPage.getSecureParcheseBtn(FlightConfirmationPage.java:49)
at com.pom.pages.FlightConfirmationPage.getSecureParcheseBtn(FlightConfirmationPage.java:49)
at com.pom.pages.FlightConfirmationPage.getSecureParcheseBtn(FlightConfirmationPage.java:49)
at com.pom.pages.FlightConfirmationPage.getSecureParcheseBtn(FlightConfirmationPage.java:49)
at com.pom.pages.FlightConfirmationPage.getSecureParcheseBtn(FlightConfirmationPage.java:49)
at com.pom.pages.FlightConfirmationPage.getSecureParcheseBtn(FlightConfirmationPage.java:49)
at com.pom.pages.FlightConfirmationPage.getSecureParcheseBtn(FlightConfirmationPage.java:49)
at com.pom.pages.FlightConfirmationPage.getSecureParcheseBtn(FlightConfirmationPage.java:49)
at com.pom.pages.FlightConfirmationPage.getSecureParcheseBtn(FlightConfirmationPage.java:49)
at com.pom.pages.FlightConfirmationPage.getSecureParcheseBtn(FlightConfirmationPage.java:49)
at com.pom.pages.FlightConfirmationPage.getSecureParcheseBtn(FlightConfirmationPage.java:49)
at com.pom.pages.FlightConfirmationPage.getSecureParcheseBtn(FlightConfirmationPage.java:49)
at com.pom.pages.FlightConfirmationPage.getSecureParcheseBtn(FlightConfirmationPage.java:49)
at com.pom.pages.FlightConfirmationPage.getSecureParcheseBtn(FlightConfirmationPage.java:49)
at com.pom.pages.FlightConfirmationPage.getSecureParcheseBtn(FlightConfirmationPage.java:49)
at com.pom.pages.FlightConfirmationPage.getSecureParcheseBtn(FlightConfirmationPage.java:49)
at com.pom.pages.FlightConfirmationPage.getSecureParcheseBtn(FlightConfirmationPage.java:49)
at com.pom.pages.FlightConfirmationPage.getSecureParcheseBtn(FlightConfirmationPage.java:49)
at com.pom.pages.FlightConfirmationPage.getSecureParcheseBtn(FlightConfirmationPage.java:49)
at com.pom.pages.FlightConfirmationPage.getSecureParcheseBtn(FlightConfirmationPage.java:49)
at com.pom.pages.FlightConfirmationPage.getSecureParcheseBtn(FlightConfirmationPage.java:49)
at com.pom.pages.FlightConfirmationPage.getSecureParcheseBtn(FlightConfirmationPage.java:49)
at com.pom.pages.FlightConfirmationPage.getSecureParcheseBtn(FlightConfirmationPage.java:49)
at com.pom.pages.FlightConfirmationPage.getSecureParcheseBtn(FlightConfirmationPage.java:49)
at com.pom.pages.FlightConfirmationPage.getSecureParcheseBtn(FlightConfirmationPage.java:49)
at com.pom.pages.FlightConfirmationPage.getSecureParcheseBtn(FlightConfirmationPage.java:49)
at com.pom.pages.FlightConfirmationPage.getSecureParcheseBtn(FlightConfirmationPage.java:49)
at com.pom.pages.FlightConfirmationPage.getSecureParcheseBtn(FlightConfirmationPage.java:49)
at com.pom.pages.FlightConfirmationPage.getSecureParcheseBtn(FlightConfirmationPage.java:49)
at com.pom.pages.FlightConfirmationPage.getSecureParcheseBtn(FlightConfirmationPage.java:49)
at com.pom.pages.FlightConfirmationPage.getSecureParcheseBtn(FlightConfirmationPage.java:49)
at com.pom.pages.FlightConfirmationPage.getSecureParcheseBtn(FlightConfirmationPage.java:49)
at com.pom.pages.FlightConfirmationPage.getSecureParcheseBtn(FlightConfirmationPage.java:49)
at com.pom.pages.FlightConfirmationPage.getSecureParcheseBtn(FlightConfirmationPage.java:49)
at com.pom.pages.FlightConfirmationPage.getSecureParcheseBtn(FlightConfirmationPage.java:49)
at com.pom.pages.FlightConfirmationPage.getSecureParcheseBtn(FlightConfirmationPage.java:49)
at com.pom.pages.FlightConfirmationPage.getSecureParcheseBtn(FlightConfirmationPage.java:49)
at com.pom.pages.FlightConfirmationPage.getSecureParcheseBtn(FlightConfirmationPage.java:49)
at com.pom.pages.FlightConfirmationPage.getSecureParcheseBtn(FlightConfirmationPage.java:49)
at com.pom.pages.FlightConfirmationPage.getSecureParcheseBtn(FlightConfirmationPage.java:49)
at com.pom.pages.FlightConfirmationPage.getSecureParcheseBtn(FlightConfirmationPage.java:49)
at com.pom.pages.FlightConfirmationPage.getSecureParcheseBtn(FlightConfirmationPage.java:49)
at com.pom.pages.FlightConfirmationPage.getSecureParcheseBtn(FlightConfirmationPage.java:49)
at com.pom.pages.FlightConfirmationPage.getSecureParcheseBtn(FlightConfirmationPage.java:49)
at com.pom.pages.FlightConfirmationPage.getSecureParcheseBtn(FlightConfirmationPage.java:49)
at com.pom.pages.FlightConfirmationPage.getSecureParcheseBtn(FlightConfirmationPage.java:49)
at com.pom.pages.FlightConfirmationPage.getSecureParcheseBtn(FlightConfirmationPage.java:49)
at com.pom.pages.FlightConfirmationPage.getSecureParcheseBtn(FlightConfirmationPage.java:49)
at com.pom.pages.FlightConfirmationPage.getSecureParcheseBtn(FlightConfirmationPage.java:49)
at com.pom.pages.FlightConfirmationPage.getSecureParcheseBtn(FlightConfirmationPage.java:49)
at com.pom.pages.FlightConfirmationPage.getSecureParcheseBtn(FlightConfirmationPage.java:49)
at com.pom.pages.FlightConfirmationPage.getSecureParcheseBtn(FlightConfirmationPage.java:49)
at com.pom.pages.FlightConfirmationPage.getSecureParcheseBtn(FlightConfirmationPage.java:49)
at com.pom.pages.FlightConfirmationPage.getSecureParcheseBtn(FlightConfirmationPage.java:49)
at com.pom.pages.FlightConfirmationPage.getSecureParcheseBtn(FlightConfirmationPage.java:49)
at com.pom.pages.FlightConfirmationPage.getSecureParcheseBtn(FlightConfirmationPage.java:49)
at com.pom.pages.FlightConfirmationPage.getSecureParcheseBtn(FlightConfirmationPage.java:49)
at com.pom.pages.FlightConfirmationPage.getSecureParcheseBtn(FlightConfirmationPage.java:49)
at com.pom.pages.FlightConfirmationPage.getSecureParcheseBtn(FlightConfirmationPage.java:49)
at com.pom.pages.FlightConfirmationPage.getSecureParcheseBtn(FlightConfirmationPage.java:49)
at com.pom.pages.FlightConfirmationPage.getSecureParcheseBtn(FlightConfirmationPage.java:49)
at com.pom.pages.FlightConfirmationPage.getSecureParcheseBtn(FlightConfirmationPage.java:49)
at com.pom.pages.FlightConfirmationPage.getSecureParcheseBtn(FlightConfirmationPage.java:49)
at com.pom.pages.FlightConfirmationPage.getSecureParcheseBtn(FlightConfirmationPage.java:49)
at com.pom.pages.FlightConfirmationPage.getSecureParcheseBtn(FlightConfirmationPage.java:49)
at com.pom.pages.FlightConfirmationPage.getSecureParcheseBtn(FlightConfirmationPage.java:49)
at com.pom.pages.FlightConfirmationPage.getSecureParcheseBtn(FlightConfirmationPage.java:49)
at com.pom.pages.FlightConfirmationPage.getSecureParcheseBtn(FlightConfirmationPage.java:49)
at com.pom.pages.FlightConfirmationPage.getSecureParcheseBtn(FlightConfirmationPage.java:49)
at com.pom.pages.FlightConfirmationPage.getSecureParcheseBtn(FlightConfirmationPage.java:49)
at com.pom.pages.FlightConfirmationPage.getSecureParcheseBtn(FlightConfirmationPage.java:49)
at com.pom.pages.FlightConfirmationPage.getSecureParcheseBtn(FlightConfirmationPage.java:49)
at com.pom.pages.FlightConfirmationPage.getSecureParcheseBtn(FlightConfirmationPage.java:49)
at com.pom.pages.FlightConfirmationPage.getSecureParcheseBtn(FlightConfirmationPage.java:49)
at com.pom.pages.FlightConfirmationPage.getSecureParcheseBtn(FlightConfirmationPage.java:49)
at com.pom.pages.FlightConfirmationPage.getSecureParcheseBtn(FlightConfirmationPage.java:49)
at com.pom.pages.FlightConfirmationPage.getSecureParcheseBtn(FlightConfirmationPage.java:49)
at com.pom.pages.FlightConfirmationPage.getSecureParcheseBtn(FlightConfirmationPage.java:49)
at com.pom.pages.FlightConfirmationPage.getSecureParcheseBtn(FlightConfirmationPage.java:49)
at com.pom.pages.FlightConfirmationPage.getSecureParcheseBtn(FlightConfirmationPage.java:49)
at com.pom.pages.FlightConfirmationPage.getSecureParcheseBtn(FlightConfirmationPage.java:49)
at com.pom.pages.FlightConfirmationPage.getSecureParcheseBtn(FlightConfirmationPage.java:49)
at com.pom.pages.FlightConfirmationPage.getSecureParcheseBtn(FlightConfirmationPage.java:49)
at com.pom.pages.FlightConfirmationPage.getSecureParcheseBtn(FlightConfirmationPage.java:49)
at com.pom.pages.FlightConfirmationPage.getSecureParcheseBtn(FlightConfirmationPage.java:49)
at com.pom.pages.FlightConfirmationPage.getSecureParcheseBtn(FlightConfirmationPage.java:49)
at com.pom.pages.FlightConfirmationPage.getSecureParcheseBtn(FlightConfirmationPage.java:49)
at com.pom.pages.FlightConfirmationPage.getSecureParcheseBtn(FlightConfirmationPage.java:49)
at com.pom.pages.FlightConfirmationPage.getSecureParcheseBtn(FlightConfirmationPage.java:49)
at com.pom.pages.FlightConfirmationPage.getSecureParcheseBtn(FlightConfirmationPage.java:49)
at com.pom.pages.FlightConfirmationPage.getSecureParcheseBtn(FlightConfirmationPage.java:49)
at com.pom.pages.FlightConfirmationPage.getSecureParcheseBtn(FlightConfirmationPage.java:49)
at com.pom.pages.FlightConfirmationPage.getSecureParcheseBtn(FlightConfirmationPage.java:49)
at com.pom.pages.FlightConfirmationPage.getSecureParcheseBtn(FlightConfirmationPage.java:49)
at com.pom.pages.FlightConfirmationPage.getSecureParcheseBtn(FlightConfirmationPage.java:49)
at com.pom.pages.FlightConfirmationPage.getSecureParcheseBtn(FlightConfirmationPage.java:49)
at com.pom.pages.FlightConfirmationPage.getSecureParcheseBtn(FlightConfirmationPage.java:49)
at com.pom.pages.FlightConfirmationPage.getSecureParcheseBtn(FlightConfirmationPage.java:49)
at com.pom.pages.FlightConfirmationPage.getSecureParcheseBtn(FlightConfirmationPage.java:49)
at com.pom.pages.FlightConfirmationPage.getSecureParcheseBtn(FlightConfirmationPage.java:49)
at com.pom.pages.FlightConfirmationPage.getSecureParcheseBtn(FlightConfirmationPage.java:49)
at com.pom.pages.FlightConfirmationPage.getSecureParcheseBtn(FlightConfirmationPage.java:49)
at com.pom.pages.FlightConfirmationPage.getSecureParcheseBtn(FlightConfirmationPage.java:49)
at com.pom.pages.FlightConfirmationPage.getSecureParcheseBtn(FlightConfirmationPage.java:49)
at com.pom.pages.FlightConfirmationPage.getSecureParcheseBtn(FlightConfirmationPage.java:49)
at com.pom.pages.FlightConfirmationPage.getSecureParcheseBtn(FlightConfirmationPage.java:49)
at com.pom.pages.FlightConfirmationPage.getSecureParcheseBtn(FlightConfirmationPage.java:49)
at com.pom.pages.FlightConfirmationPage.getSecureParcheseBtn(FlightConfirmationPage.java:49)
at com.pom.pages.FlightConfirmationPage.getSecureParcheseBtn(FlightConfirmationPage.java:49)
at com.pom.pages.FlightConfirmationPage.getSecureParcheseBtn(FlightConfirmationPage.java:49)
at com.pom.pages.FlightConfirmationPage.getSecureParcheseBtn(FlightConfirmationPage.java:49)
at com.pom.pages.FlightConfirmationPage.getSecureParcheseBtn(FlightConfirmationPage.java:49)
at com.pom.pages.FlightConfirmationPage.getSecureParcheseBtn(FlightConfirmationPage.java:49)
at com.pom.pages.FlightConfirmationPage.getSecureParcheseBtn(FlightConfirmationPage.java:49)
at com.pom.pages.FlightConfirmationPage.getSecureParcheseBtn(FlightConfirmationPage.java:49)
at com.pom.pages.FlightConfirmationPage.getSecureParcheseBtn(FlightConfirmationPage.java:49)
at com.pom.pages.FlightConfirmationPage.getSecureParcheseBtn(FlightConfirmationPage.java:49)
at com.pom.pages.FlightConfirmationPage.getSecureParcheseBtn(FlightConfirmationPage.java:49)
at com.pom.pages.FlightConfirmationPage.getSecureParcheseBtn(FlightConfirmationPage.java:49)
at com.pom.pages.FlightConfirmationPage.getSecureParcheseBtn(FlightConfirmationPage.java:49)
at com.pom.pages.FlightConfirmationPage.getSecureParcheseBtn(FlightConfirmationPage.java:49)
at com.pom.pages.FlightConfirmationPage.getSecureParcheseBtn(FlightConfirmationPage.java:49)
at com.pom.pages.FlightConfirmationPage.getSecureParcheseBtn(FlightConfirmationPage.java:49)
at com.pom.pages.FlightConfirmationPage.getSecureParcheseBtn(FlightConfirmationPage.java:49)
at com.pom.pages.FlightConfirmationPage.getSecureParcheseBtn(FlightConfirmationPage.java:49)
at com.pom.pages.FlightConfirmationPage.getSecureParcheseBtn(FlightConfirmationPage.java:49)
at com.pom.pages.FlightConfirmationPage.getSecureParcheseBtn(FlightConfirmationPage.java:49)
at com.pom.pages.FlightConfirmationPage.getSecureParcheseBtn(FlightConfirmationPage.java:49)
at com.pom.pages.FlightConfirmationPage.getSecureParcheseBtn(FlightConfirmationPage.java:49)
at com.pom.pages.FlightConfirmationPage.getSecureParcheseBtn(FlightConfirmationPage.java:49)
at com.pom.pages.FlightConfirmationPage.getSecureParcheseBtn(FlightConfirmationPage.java:49)
at com.pom.pages.FlightConfirmationPage.getSecureParcheseBtn(FlightConfirmationPage.java:49)
at com.pom.pages.FlightConfirmationPage.getSecureParcheseBtn(FlightConfirmationPage.java:49)
at com.pom.pages.FlightConfirmationPage.getSecureParcheseBtn(FlightConfirmationPage.java:49)
at com.pom.pages.FlightConfirmationPage.getSecureParcheseBtn(FlightConfirmationPage.java:49)
at com.pom.pages.FlightConfirmationPage.getSecureParcheseBtn(FlightConfirmationPage.java:49)
at com.pom.pages.FlightConfirmationPage.getSecureParcheseBtn(FlightConfirmationPage.java:49)
at com.pom.pages.FlightConfirmationPage.getSecureParcheseBtn(FlightConfirmationPage.java:49)
at com.pom.pages.FlightConfirmationPage.getSecureParcheseBtn(FlightConfirmationPage.java:49)
at com.pom.pages.FlightConfirmationPage.getSecureParcheseBtn(FlightConfirmationPage.java:49)
at com.pom.pages.FlightConfirmationPage.getSecureParcheseBtn(FlightConfirmationPage.java:49)
at com.pom.pages.FlightConfirmationPage.getSecureParcheseBtn(FlightConfirmationPage.java:49)
at com.pom.pages.FlightConfirmationPage.getSecureParcheseBtn(FlightConfirmationPage.java:49)
at com.pom.pages.FlightConfirmationPage.getSecureParcheseBtn(FlightConfirmationPage.java:49)
at com.pom.pages.FlightConfirmationPage.getSecureParcheseBtn(FlightConfirmationPage.java:49)
at com.pom.pages.FlightConfirmationPage.getSecureParcheseBtn(FlightConfirmationPage.java:49)
at com.pom.pages.FlightConfirmationPage.getSecureParcheseBtn(FlightConfirmationPage.java:49)
at com.pom.pages.FlightConfirmationPage.getSecureParcheseBtn(FlightConfirmationPage.java:49)
at com.pom.pages.FlightConfirmationPage.getSecureParcheseBtn(FlightConfirmationPage.java:49)
at com.pom.pages.FlightConfirmationPage.getSecureParcheseBtn(FlightConfirmationPage.java:49)
at com.pom.pages.FlightConfirmationPage.getSecureParcheseBtn(FlightConfirmationPage.java:49)
at com.pom.pages.FlightConfirmationPage.getSecureParcheseBtn(FlightConfirmationPage.java:49)
at com.pom.pages.FlightConfirmationPage.getSecureParcheseBtn(FlightConfirmationPage.java:49)
at com.pom.pages.FlightConfirmationPage.getSecureParcheseBtn(FlightConfirmationPage.java:49)
at com.pom.pages.FlightConfirmationPage.getSecureParcheseBtn(FlightConfirmationPage.java:49)
at com.pom.pages.FlightConfirmationPage.getSecureParcheseBtn(FlightConfirmationPage.java:49)
at com.pom.pages.FlightConfirmationPage.getSecureParcheseBtn(FlightConfirmationPage.java:49)
at com.pom.pages.FlightConfirmationPage.getSecureParcheseBtn(FlightConfirmationPage.java:49)
at com.pom.pages.FlightConfirmationPage.getSecureParcheseBtn(FlightConfirmationPage.java:49)
at com.pom.pages.FlightConfirmationPage.getSecureParcheseBtn(FlightConfirmationPage.java:49)
at com.pom.pages.FlightConfirmationPage.getSecureParcheseBtn(FlightConfirmationPage.java:49)
at com.pom.pages.FlightConfirmationPage.getSecureParcheseBtn(FlightConfirmationPage.java:49)
at com.pom.pages.FlightConfirmationPage.getSecureParcheseBtn(FlightConfirmationPage.java:49)
at com.pom.pages.FlightConfirmationPage.getSecureParcheseBtn(FlightConfirmationPage.java:49)
at com.pom.pages.FlightConfirmationPage.getSecureParcheseBtn(FlightConfirmationPage.java:49)
at com.pom.pages.FlightConfirmationPage.getSecureParcheseBtn(FlightConfirmationPage.java:49)
at com.pom.pages.FlightConfirmationPage.getSecureParcheseBtn(FlightConfirmationPage.java:49)
at com.pom.pages.FlightConfirmationPage.getSecureParcheseBtn(FlightConfirmationPage.java:49)
at com.pom.pages.FlightConfirmationPage.getSecureParcheseBtn(FlightConfirmationPage.java:49)
at com.pom.pages.FlightConfirmationPage.getSecureParcheseBtn(FlightConfirmationPage.java:49)
at com.pom.pages.FlightConfirmationPage.getSecureParcheseBtn(FlightConfirmationPage.java:49)
at com.pom.pages.FlightConfirmationPage.getSecureParcheseBtn(FlightConfirmationPage.java:49)
at com.pom.pages.FlightConfirmationPage.getSecureParcheseBtn(FlightConfirmationPage.java:49)
at com.pom.pages.FlightConfirmationPage.getSecureParcheseBtn(FlightConfirmationPage.java:49)
at com.pom.pages.FlightConfirmationPage.getSecureParcheseBtn(FlightConfirmationPage.java:49)
at com.pom.pages.FlightConfirmationPage.getSecureParcheseBtn(FlightConfirmationPage.java:49)
at com.pom.pages.FlightConfirmationPage.getSecureParcheseBtn(FlightConfirmationPage.java:49)
at com.pom.pages.FlightConfirmationPage.getSecureParcheseBtn(FlightConfirmationPage.java:49)
at com.pom.pages.FlightConfirmationPage.getSecureParcheseBtn(FlightConfirmationPage.java:49)
at com.pom.pages.FlightConfirmationPage.getSecureParcheseBtn(FlightConfirmationPage.java:49)
at com.pom.pages.FlightConfirmationPage.getSecureParcheseBtn(FlightConfirmationPage.java:49)
at com.pom.pages.FlightConfirmationPage.getSecureParcheseBtn(FlightConfirmationPage.java:49)
at com.pom.pages.FlightConfirmationPage.getSecureParcheseBtn(FlightConfirmationPage.java:49)
at com.pom.pages.FlightConfirmationPage.getSecureParcheseBtn(FlightConfirmationPage.java:49)
at com.pom.pages.FlightConfirmationPage.getSecureParcheseBtn(FlightConfirmationPage.java:49)
at com.pom.pages.FlightConfirmationPage.getSecureParcheseBtn(FlightConfirmationPage.java:49)
at com.pom.pages.FlightConfirmationPage.getSecureParcheseBtn(FlightConfirmationPage.java:49)
at com.pom.pages.FlightConfirmationPage.getSecureParcheseBtn(FlightConfirmationPage.java:49)
at com.pom.pages.FlightConfirmationPage.getSecureParcheseBtn(FlightConfirmationPage.java:49)
at com.pom.pages.FlightConfirmationPage.getSecureParcheseBtn(FlightConfirmationPage.java:49)
at com.pom.pages.FlightConfirmationPage.getSecureParcheseBtn(FlightConfirmationPage.java:49)
at com.pom.pages.FlightConfirmationPage.getSecureParcheseBtn(FlightConfirmationPage.java:49)
at com.pom.pages.FlightConfirmationPage.getSecureParcheseBtn(FlightConfirmationPage.java:49)
at com.pom.pages.FlightConfirmationPage.getSecureParcheseBtn(FlightConfirmationPage.java:49)
at com.pom.pages.FlightConfirmationPage.getSecureParcheseBtn(FlightConfirmationPage.java:49)
at com.pom.pages.FlightConfirmationPage.getSecureParcheseBtn(FlightConfirmationPage.java:49)
at com.pom.pages.FlightConfirmationPage.getSecureParcheseBtn(FlightConfirmationPage.java:49)
at com.pom.pages.FlightConfirmationPage.getSecureParcheseBtn(FlightConfirmationPage.java:49)
at com.pom.pages.FlightConfirmationPage.getSecureParcheseBtn(FlightConfirmationPage.java:49)
at com.pom.pages.FlightConfirmationPage.getSecureParcheseBtn(FlightConfirmationPage.java:49)
at com.pom.pages.FlightConfirmationPage.getSecureParcheseBtn(FlightConfirmationPage.java:49)
at com.pom.pages.FlightConfirmationPage.getSecureParcheseBtn(FlightConfirmationPage.java:49)
at com.pom.pages.FlightConfirmationPage.getSecureParcheseBtn(FlightConfirmationPage.java:49)
at com.pom.pages.FlightConfirmationPage.getSecureParcheseBtn(FlightConfirmationPage.java:49)
at com.pom.pages.FlightConfirmationPage.getSecureParcheseBtn(FlightConfirmationPage.java:49)
at com.pom.pages.FlightConfirmationPage.getSecureParcheseBtn(FlightConfirmationPage.java:49)
at com.pom.pages.FlightConfirmationPage.getSecureParcheseBtn(FlightConfirmationPage.java:49)
at com.pom.pages.FlightConfirmationPage.getSecureParcheseBtn(FlightConfirmationPage.java:49)
at com.pom.pages.FlightConfirmationPage.getSecureParcheseBtn(FlightConfirmationPage.java:49)
at com.pom.pages.FlightConfirmationPage.getSecureParcheseBtn(FlightConfirmationPage.java:49)
at com.pom.pages.FlightConfirmationPage.getSecureParcheseBtn(FlightConfirmationPage.java:49)
at com.pom.pages.FlightConfirmationPage.getSecureParcheseBtn(FlightConfirmationPage.java:49)
at com.pom.pages.FlightConfirmationPage.getSecureParcheseBtn(FlightConfirmationPage.java:49)
at com.pom.pages.FlightConfirmationPage.getSecureParcheseBtn(FlightConfirmationPage.java:49)
at com.pom.pages.FlightConfirmationPage.getSecureParcheseBtn(FlightConfirmationPage.java:49)
at com.pom.pages.FlightConfirmationPage.getSecureParcheseBtn(FlightConfirmationPage.java:49)
at com.pom.pages.FlightConfirmationPage.getSecureParcheseBtn(FlightConfirmationPage.java:49)
at com.pom.pages.FlightConfirmationPage.getSecureParcheseBtn(FlightConfirmationPage.java:49)
at com.pom.pages.FlightConfirmationPage.getSecureParcheseBtn(FlightConfirmationPage.java:49)
at com.pom.pages.FlightConfirmationPage.getSecureParcheseBtn(FlightConfirmationPage.java:49)
at com.pom.pages.FlightConfirmationPage.getSecureParcheseBtn(FlightConfirmationPage.java:49)
at com.pom.pages.FlightConfirmationPage.getSecureParcheseBtn(FlightConfirmationPage.java:49)
at com.pom.pages.FlightConfirmationPage.getSecureParcheseBtn(FlightConfirmationPage.java:49)
at com.pom.pages.FlightConfirmationPage.getSecureParcheseBtn(FlightConfirmationPage.java:49)
at com.pom.pages.FlightConfirmationPage.getSecureParcheseBtn(FlightConfirmationPage.java:49)
at com.pom.pages.FlightConfirmationPage.getSecureParcheseBtn(FlightConfirmationPage.java:49)
at com.pom.pages.FlightConfirmationPage.getSecureParcheseBtn(FlightConfirmationPage.java:49)
at com.pom.pages.FlightConfirmationPage.getSecureParcheseBtn(FlightConfirmationPage.java:49)
at com.pom.pages.FlightConfirmationPage.getSecureParcheseBtn(FlightConfirmationPage.java:49)
at com.pom.pages.FlightConfirmationPage.getSecureParcheseBtn(FlightConfirmationPage.java:49)
at com.pom.pages.FlightConfirmationPage.getSecureParcheseBtn(FlightConfirmationPage.java:49)
at com.pom.pages.FlightConfirmationPage.getSecureParcheseBtn(FlightConfirmationPage.java:49)
at com.pom.pages.FlightConfirmationPage.getSecureParcheseBtn(FlightConfirmationPage.java:49)
at com.pom.pages.FlightConfirmationPage.getSecureParcheseBtn(FlightConfirmationPage.java:49)
at com.pom.pages.FlightConfirmationPage.getSecureParcheseBtn(FlightConfirmationPage.java:49)
at com.pom.pages.FlightConfirmationPage.getSecureParcheseBtn(FlightConfirmationPage.java:49)
at com.pom.pages.FlightConfirmationPage.getSecureParcheseBtn(FlightConfirmationPage.java:49)
at com.pom.pages.FlightConfirmationPage.getSecureParcheseBtn(FlightConfirmationPage.java:49)
at com.pom.pages.FlightConfirmationPage.getSecureParcheseBtn(FlightConfirmationPage.java:49)
at com.pom.pages.FlightConfirmationPage.getSecureParcheseBtn(FlightConfirmationPage.java:49)
at com.pom.pages.FlightConfirmationPage.getSecureParcheseBtn(FlightConfirmationPage.java:49)
at com.pom.pages.FlightConfirmationPage.getSecureParcheseBtn(FlightConfirmationPage.java:49)
at com.pom.pages.FlightConfirmationPage.getSecureParcheseBtn(FlightConfirmationPage.java:49)
at com.pom.pages.FlightConfirmationPage.getSecureParcheseBtn(FlightConfirmationPage.java:49)
at com.pom.pages.FlightConfirmationPage.getSecureParcheseBtn(FlightConfirmationPage.java:49)
at com.pom.pages.FlightConfirmationPage.getSecureParcheseBtn(FlightConfirmationPage.java:49)
at com.pom.pages.FlightConfirmationPage.getSecureParcheseBtn(FlightConfirmationPage.java:49)
at com.pom.pages.FlightConfirmationPage.getSecureParcheseBtn(FlightConfirmationPage.java:49)
at com.pom.pages.FlightConfirmationPage.getSecureParcheseBtn(FlightConfirmationPage.java:49)
at com.pom.pages.FlightConfirmationPage.getSecureParcheseBtn(FlightConfirmationPage.java:49)
at com.pom.pages.FlightConfirmationPage.getSecureParcheseBtn(FlightConfirmationPage.java:49)
at com.pom.pages.FlightConfirmationPage.getSecureParcheseBtn(FlightConfirmationPage.java:49)
at com.pom.pages.FlightConfirmationPage.getSecureParcheseBtn(FlightConfirmationPage.java:49)
at com.pom.pages.FlightConfirmationPage.getSecureParcheseBtn(FlightConfirmationPage.java:49)
at com.pom.pages.FlightConfirmationPage.getSecureParcheseBtn(FlightConfirmationPage.java:49)
at com.pom.pages.FlightConfirmationPage.getSecureParcheseBtn(FlightConfirmationPage.java:49)
at com.pom.pages.FlightConfirmationPage.getSecureParcheseBtn(FlightConfirmationPage.java:49)
at com.pom.pages.FlightConfirmationPage.getSecureParcheseBtn(FlightConfirmationPage.java:49)
at com.pom.pages.FlightConfirmationPage.getSecureParcheseBtn(FlightConfirmationPage.java:49)
at com.pom.pages.FlightConfirmationPage.getSecureParcheseBtn(FlightConfirmationPage.java:49)
at com.pom.pages.FlightConfirmationPage.getSecureParcheseBtn(FlightConfirmationPage.java:49)
at com.pom.pages.FlightConfirmationPage.getSecureParcheseBtn(FlightConfirmationPage.java:49)
at com.pom.pages.FlightConfirmationPage.getSecureParcheseBtn(FlightConfirmationPage.java:49)
at com.pom.pages.FlightConfirmationPage.getSecureParcheseBtn(FlightConfirmationPage.java:49)
at com.pom.pages.FlightConfirmationPage.getSecureParcheseBtn(FlightConfirmationPage.java:49)
at com.pom.pages.FlightConfirmationPage.getSecureParcheseBtn(FlightConfirmationPage.java:49)
at com.pom.pages.FlightConfirmationPage.getSecureParcheseBtn(FlightConfirmationPage.java:49)
at com.pom.pages.FlightConfirmationPage.getSecureParcheseBtn(FlightConfirmationPage.java:49)
at com.pom.pages.FlightConfirmationPage.getSecureParcheseBtn(FlightConfirmationPage.java:49)
at com.pom.pages.FlightConfirmationPage.getSecureParcheseBtn(FlightConfirmationPage.java:49)
at com.pom.pages.FlightConfirmationPage.getSecureParcheseBtn(FlightConfirmationPage.java:49)
at com.pom.pages.FlightConfirmationPage.getSecureParcheseBtn(FlightConfirmationPage.java:49)
at com.pom.pages.FlightConfirmationPage.getSecureParcheseBtn(FlightConfirmationPage.java:49)
at com.pom.pages.FlightConfirmationPage.getSecureParcheseBtn(FlightConfirmationPage.java:49)
at com.pom.pages.FlightConfirmationPage.getSecureParcheseBtn(FlightConfirmationPage.java:49)
at com.pom.pages.FlightConfirmationPage.getSecureParcheseBtn(FlightConfirmationPage.java:49)
at com.pom.pages.FlightConfirmationPage.getSecureParcheseBtn(FlightConfirmationPage.java:49)
at com.pom.pages.FlightConfirmationPage.getSecureParcheseBtn(FlightConfirmationPage.java:49)
at com.pom.pages.FlightConfirmationPage.getSecureParcheseBtn(FlightConfirmationPage.java:49)
at com.pom.pages.FlightConfirmationPage.getSecureParcheseBtn(FlightConfirmationPage.java:49)
]]>
    </error>
  </testcase> <!-- logOut -->
</testsuite> <!-- com.pom.test.LogOutTest -->
