<?xml version="1.0" encoding="UTF-8"?>
<!-- Generated by org.testng.reporters.JUnitReportReporter -->
<testsuite name="com.pom.test.AmazonComponnentsTest" tests="1" time="8.942" ignored="0" failures="0" timestamp="21 Aug 2019 13:22:07 GMT" skipped="0" hostname="ICPL13076" errors="0">
  <testcase name="amazonComponents" time="8.942" classname="com.pom.test.AmazonComponnentsTest"/>
</testsuite> <!-- com.pom.test.AmazonComponnentsTest -->
