<?xml version="1.0" encoding="UTF-8"?>
<!-- Generated by org.testng.reporters.JUnitReportReporter -->
<testsuite name="com.pom.test.RegisterInvalidDataTest" tests="1" time="0.000" ignored="0" failures="0" timestamp="09 Aug 2019 06:35:49 GMT" skipped="1" hostname="ICPL13076" errors="0">
  <testcase name="registerInvalidData" time="0.000" classname="com.pom.test.RegisterInvalidDataTest">
    <skipped/>
  </testcase> <!-- registerInvalidData -->
</testsuite> <!-- com.pom.test.RegisterInvalidDataTest -->
