<?xml version="1.0" encoding="UTF-8"?>
<!-- Generated by org.testng.reporters.JUnitReportReporter -->
<testsuite skipped="0" hostname="ICPL13076" name="com.pom.testng.Test2" tests="3" failures="0" timestamp="27 Sep 2019 07:05:51 GMT" time="0.018" errors="0">
  <testcase name="APIStudentLogin" time="0.002" classname="com.pom.testng.Test2"/>
  <testcase name="WebStudentLogin" time="0.015" classname="com.pom.testng.Test2"/>
  <testcase name="MobileStudentLogin" time="0.001" classname="com.pom.testng.Test2"/>
</testsuite> <!-- com.pom.testng.Test2 -->
