<?xml version="1.0" encoding="UTF-8"?>
<!-- Generated by org.testng.reporters.JUnitReportReporter -->
<testsuite skipped="0" hostname="ICPL13076" name="com.pom.test.HomePageTest" tests="1" failures="0" timestamp="23 Aug 2019 06:07:03 GMT" time="1.836" errors="0">
  <testcase name="homePage" time="1.836" classname="com.pom.test.HomePageTest"/>
</testsuite> <!-- com.pom.test.HomePageTest -->
