<?xml version="1.0" encoding="UTF-8"?>
<!-- Generated by org.testng.reporters.JUnitReportReporter -->
<testsuite skipped="0" hostname="ICPL13076" name="com.pom.testng.Enable" tests="2" failures="0" timestamp="27 Sep 2019 05:26:23 GMT" time="0.085" errors="0">
  <testcase name="test1" time="0.083" classname="com.pom.testng.Enable"/>
  <testcase name="test" time="0.002" classname="com.pom.testng.Enable"/>
</testsuite> <!-- com.pom.testng.Enable -->
