<?xml version="1.0" encoding="UTF-8"?>
<!-- Generated by org.testng.reporters.JUnitReportReporter -->
<testsuite name="com.qmetry.qaf.automation.step.client.DataDrivenScenario" tests="1" time="0.000" ignored="1" failures="0" timestamp="23 Oct 2019 12:52:10 GMT" skipped="1" hostname="ICPL13076" errors="0">
  <testcase name="New tour login" time="0.000" classname="com.qmetry.qaf.automation.step.client.DataDrivenScenario">
    <skipped/>
  </testcase> <!-- New tour login -->
  <testcase name="New tour login" classname="com.qmetry.qaf.automation.step.client.DataDrivenScenario">
    <skipped/>
  </testcase> <!-- New tour login -->
</testsuite> <!-- com.qmetry.qaf.automation.step.client.DataDrivenScenario -->
