<?xml version="1.0" encoding="UTF-8"?>
<!-- Generated by org.testng.reporters.JUnitReportReporter -->
<testsuite name="com.qmetry.qaf.automation.step.client.DataDrivenScenario" tests="2" time="13.745" ignored="1" failures="0" timestamp="28 Oct 2019 04:57:19 GMT" skipped="2" hostname="ICPL13076" errors="0">
  <testcase name="New tour register" time="11.614" classname="com.qmetry.qaf.automation.step.client.DataDrivenScenario">
    <skipped/>
  </testcase> <!-- New tour register -->
  <testcase name="New tour register" time="2.131" classname="com.qmetry.qaf.automation.step.client.DataDrivenScenario">
    <skipped/>
  </testcase> <!-- New tour register -->
  <testcase name="New tour register" classname="com.qmetry.qaf.automation.step.client.DataDrivenScenario">
    <skipped/>
  </testcase> <!-- New tour register -->
</testsuite> <!-- com.qmetry.qaf.automation.step.client.DataDrivenScenario -->
