<?xml version="1.0" encoding="UTF-8"?>
<!-- Generated by org.testng.reporters.JUnitReportReporter -->
<testsuite name="com.qmetry.qaf.automation.step.client.DataDrivenScenario" tests="1" time="27.044" ignored="1" failures="0" timestamp="25 Oct 2019 09:05:30 GMT" skipped="0" hostname="ICPL13076" errors="0">
  <testcase name="user successfully click on logout button" time="27.044" classname="com.qmetry.qaf.automation.step.client.DataDrivenScenario"/>
  <testcase name="user successfully click on logout button" classname="com.qmetry.qaf.automation.step.client.DataDrivenScenario">
    <skipped/>
  </testcase> <!-- user successfully click on logout button -->
</testsuite> <!-- com.qmetry.qaf.automation.step.client.DataDrivenScenario -->
