<?xml version="1.0" encoding="UTF-8"?>
<!-- Generated by org.testng.reporters.JUnitReportReporter -->
<testsuite name="com.qmetry.qaf.automation.step.client.DataDrivenScenario" tests="1" time="22.253" ignored="1" failures="0" timestamp="23 Oct 2019 09:22:14 GMT" skipped="1" hostname="ICPL13076" errors="0">
  <testcase name="user is able to enter all the data on find a flight page successfully" time="22.253" classname="com.qmetry.qaf.automation.step.client.DataDrivenScenario">
    <skipped/>
  </testcase> <!-- user is able to enter all the data on find a flight page successfully -->
  <testcase name="user is able to enter all the data on find a flight page successfully" classname="com.qmetry.qaf.automation.step.client.DataDrivenScenario">
    <skipped/>
  </testcase> <!-- user is able to enter all the data on find a flight page successfully -->
</testsuite> <!-- com.qmetry.qaf.automation.step.client.DataDrivenScenario -->
